<?xml version="1.0" encoding="utf-8"?>
<CoverageSession xmlns:xsd="http://www.w3.org/2001/XMLSchema" xmlns:xsi="http://www.w3.org/2001/XMLSchema-instance" Version="4.7.922.0">
  <Summary numSequencePoints="1069" visitedSequencePoints="174" numBranchPoints="263" visitedBranchPoints="43" sequenceCoverage="16.28" branchCoverage="16.35" maxCyclomaticComplexity="5" minCyclomaticComplexity="1" maxCrapScore="30" minCrapScore="1" visitedClasses="11" numClasses="24" visitedMethods="41" numMethods="174" />
  <Modules>
    <Module hash="A7-DE-E9-E7-5C-30-3F-0D-17-FB-94-80-EE-39-89-95-E8-0E-E9-57">
      <Summary numSequencePoints="220" visitedSequencePoints="59" numBranchPoints="53" visitedBranchPoints="15" sequenceCoverage="26.82" branchCoverage="28.30" maxCyclomaticComplexity="5" minCyclomaticComplexity="1" maxCrapScore="30" minCrapScore="1.00" visitedClasses="3" numClasses="3" visitedMethods="15" numMethods="39" />
      <ModulePath>C:\Users\user\Desktop\HW\1111_視窗程式\HW8\DrawingModel\DrawingFormTests\bin\Debug\fine-code-coverage\build-output\DrawingFormTests.dll</ModulePath>
      <ModuleTime>2023-01-12T13:23:29.1287528Z</ModuleTime>
      <ModuleName>DrawingFormTests</ModuleName>
      <Files>
        <File uid="1" fullPath="C:\Users\user\Desktop\HW\1111_視窗程式\HW8\DrawingModel\DrawingFormTests\Robot.cs" />
        <File uid="2" fullPath="C:\Users\user\Desktop\HW\1111_視窗程式\HW8\DrawingModel\DrawingFormTests\PresentationModel\FormPresentationModelTests.cs" />
        <File uid="3" fullPath="C:\Users\user\Desktop\HW\1111_視窗程式\HW8\DrawingModel\DrawingFormTests\MainFormUITest.cs" />
      </Files>
      <Classes>
        <Class>
          <Summary numSequencePoints="110" visitedSequencePoints="9" numBranchPoints="29" visitedBranchPoints="2" sequenceCoverage="8.18" branchCoverage="6.90" maxCyclomaticComplexity="5" minCyclomaticComplexity="1" maxCrapScore="30" minCrapScore="1.02" visitedClasses="1" numClasses="1" visitedMethods="2" numMethods="15" />
          <FullName>MainFormUITest.Robot</FullName>
          <Methods>
            <Method visited="true" cyclomaticComplexity="1" nPathComplexity="0" sequenceCoverage="75" branchCoverage="100" crapScore="1.02" isConstructor="true" isStatic="false" isGetter="false" isSetter="false">
              <Summary numSequencePoints="4" visitedSequencePoints="3" numBranchPoints="1" visitedBranchPoints="1" sequenceCoverage="75" branchCoverage="100" maxCyclomaticComplexity="1" minCyclomaticComplexity="1" maxCrapScore="1.02" minCrapScore="1.02" visitedClasses="0" numClasses="0" visitedMethods="1" numMethods="1" />
              <MetadataToken>100663297</MetadataToken>
              <Name>System.Void MainFormUITest.Robot::.ctor(System.String,System.String)</Name>
              <FileRef uid="1" />
              <SequencePoints>
                <SequencePoint vc="5" uspid="1" ordinal="0" offset="0" sl="25" sc="9" el="25" ec="56" bec="0" bev="0" fileid="1" />
                <SequencePoint vc="5" uspid="2" ordinal="1" offset="7" sl="26" sc="9" el="26" ec="10" bec="0" bev="0" fileid="1" />
                <SequencePoint vc="5" uspid="3" ordinal="2" offset="8" sl="27" sc="13" el="27" ec="50" bec="0" bev="0" fileid="1" />
                <SequencePoint vc="0" uspid="4" ordinal="3" offset="17" sl="28" sc="9" el="28" ec="10" bec="0" bev="0" fileid="1" />
              </SequencePoints>
              <BranchPoints />
              <MethodPoint xsi:type="SequencePoint" vc="5" uspid="1" ordinal="0" offset="0" sl="25" sc="9" el="25" ec="56" bec="0" bev="0" fileid="1" />
            </Method>
            <Method visited="true" cyclomaticComplexity="1" nPathComplexity="0" sequenceCoverage="66.67" branchCoverage="100" crapScore="1.04" isConstructor="false" isStatic="false" isGetter="false" isSetter="false">
              <Summary numSequencePoints="9" visitedSequencePoints="6" numBranchPoints="1" visitedBranchPoints="1" sequenceCoverage="66.67" branchCoverage="100" maxCyclomaticComplexity="1" minCyclomaticComplexity="1" maxCrapScore="1.04" minCrapScore="1.04" visitedClasses="0" numClasses="0" visitedMethods="1" numMethods="1" />
              <MetadataToken>100663298</MetadataToken>
              <Name>System.Void MainFormUITest.Robot::Initialize(System.String,System.String)</Name>
              <FileRef uid="1" />
              <SequencePoints>
                <SequencePoint vc="5" uspid="5" ordinal="0" offset="0" sl="32" sc="9" el="32" ec="10" bec="0" bev="0" fileid="1" />
                <SequencePoint vc="5" uspid="6" ordinal="1" offset="1" sl="33" sc="13" el="33" ec="26" bec="0" bev="0" fileid="1" />
                <SequencePoint vc="5" uspid="7" ordinal="2" offset="8" sl="34" sc="13" el="34" ec="47" bec="0" bev="0" fileid="1" />
                <SequencePoint vc="5" uspid="8" ordinal="3" offset="14" sl="35" sc="13" el="35" ec="67" bec="0" bev="0" fileid="1" />
                <SequencePoint vc="5" uspid="9" ordinal="4" offset="27" sl="36" sc="13" el="36" ec="72" bec="0" bev="0" fileid="1" />
                <SequencePoint vc="5" uspid="10" ordinal="5" offset="44" sl="38" sc="13" el="38" ec="95" bec="0" bev="0" fileid="1" />
                <SequencePoint vc="0" uspid="11" ordinal="6" offset="66" sl="39" sc="13" el="39" ec="80" bec="0" bev="0" fileid="1" />
                <SequencePoint vc="0" uspid="12" ordinal="7" offset="102" sl="40" sc="13" el="43" ec="15" bec="0" bev="0" fileid="1" />
                <SequencePoint vc="0" uspid="13" ordinal="8" offset="137" sl="44" sc="9" el="44" ec="10" bec="0" bev="0" fileid="1" />
              </SequencePoints>
              <BranchPoints />
              <MethodPoint xsi:type="SequencePoint" vc="5" uspid="5" ordinal="0" offset="0" sl="32" sc="9" el="32" ec="10" bec="0" bev="0" fileid="1" />
            </Method>
            <Method visited="false" cyclomaticComplexity="1" nPathComplexity="0" sequenceCoverage="0" branchCoverage="0" crapScore="2" isConstructor="false" isStatic="false" isGetter="false" isSetter="false">
              <Summary numSequencePoints="5" visitedSequencePoints="0" numBranchPoints="1" visitedBranchPoints="0" sequenceCoverage="0" branchCoverage="0" maxCyclomaticComplexity="1" minCyclomaticComplexity="1" maxCrapScore="2" minCrapScore="2" visitedClasses="0" numClasses="0" visitedMethods="0" numMethods="1" />
              <MetadataToken>100663299</MetadataToken>
              <Name>System.Void MainFormUITest.Robot::CleanUp()</Name>
              <FileRef uid="1" />
              <SequencePoints>
                <SequencePoint vc="0" uspid="14" ordinal="0" offset="0" sl="48" sc="9" el="48" ec="10" bec="0" bev="0" fileid="1" />
                <SequencePoint vc="0" uspid="15" ordinal="1" offset="1" sl="49" sc="13" el="49" ec="29" bec="0" bev="0" fileid="1" />
                <SequencePoint vc="0" uspid="16" ordinal="2" offset="14" sl="50" sc="13" el="50" ec="32" bec="0" bev="0" fileid="1" />
                <SequencePoint vc="0" uspid="17" ordinal="3" offset="26" sl="51" sc="13" el="51" ec="31" bec="0" bev="0" fileid="1" />
                <SequencePoint vc="0" uspid="18" ordinal="4" offset="38" sl="52" sc="9" el="52" ec="10" bec="0" bev="0" fileid="1" />
              </SequencePoints>
              <BranchPoints />
              <MethodPoint xsi:type="SequencePoint" vc="0" uspid="14" ordinal="0" offset="0" sl="48" sc="9" el="48" ec="10" bec="0" bev="0" fileid="1" />
            </Method>
            <Method visited="false" cyclomaticComplexity="4" nPathComplexity="2" sequenceCoverage="0" branchCoverage="0" crapScore="20" isConstructor="false" isStatic="false" isGetter="false" isSetter="false">
              <Summary numSequencePoints="22" visitedSequencePoints="0" numBranchPoints="3" visitedBranchPoints="0" sequenceCoverage="0" branchCoverage="0" maxCyclomaticComplexity="4" minCyclomaticComplexity="4" maxCrapScore="20" minCrapScore="20" visitedClasses="0" numClasses="0" visitedMethods="0" numMethods="1" />
              <MetadataToken>100663300</MetadataToken>
              <Name>System.Void MainFormUITest.Robot::SwitchTo(System.String)</Name>
              <FileRef uid="1" />
              <SequencePoints>
                <SequencePoint vc="0" uspid="19" ordinal="0" offset="0" sl="56" sc="9" el="56" ec="10" bec="0" bev="0" fileid="1" />
                <SequencePoint vc="0" uspid="20" ordinal="1" offset="1" sl="57" sc="13" el="57" ec="54" bec="2" bev="0" fileid="1" />
                <SequencePoint vc="0" uspid="21" ordinal="2" offset="17" sl="58" sc="13" el="58" ec="14" bec="0" bev="0" fileid="1" />
                <SequencePoint vc="0" uspid="22" ordinal="3" offset="18" sl="59" sc="17" el="59" ec="69" bec="0" bev="0" fileid="1" />
                <SequencePoint vc="0" uspid="23" ordinal="4" offset="47" sl="60" sc="13" el="60" ec="14" bec="0" bev="0" fileid="1" />
                <SequencePoint vc="0" uspid="24" ordinal="5" offset="50" sl="62" sc="13" el="62" ec="14" bec="0" bev="0" fileid="1" />
                <SequencePoint vc="0" uspid="25" ordinal="6" offset="51" sl="63" sc="17" el="63" ec="24" bec="0" bev="0" fileid="1" />
                <SequencePoint vc="0" uspid="26" ordinal="7" offset="52" sl="63" sc="46" el="63" ec="67" bec="0" bev="0" fileid="1" />
                <SequencePoint vc="0" uspid="27" ordinal="8" offset="71" sl="63" sc="26" el="63" ec="42" bec="0" bev="0" fileid="1" />
                <SequencePoint vc="0" uspid="28" ordinal="9" offset="78" sl="64" sc="17" el="64" ec="18" bec="0" bev="0" fileid="1" />
                <SequencePoint vc="0" uspid="29" ordinal="10" offset="79" sl="65" sc="21" el="65" ec="61" bec="0" bev="0" fileid="1" />
                <SequencePoint vc="0" uspid="30" ordinal="11" offset="97" sl="67" sc="21" el="67" ec="22" bec="0" bev="0" fileid="1" />
                <SequencePoint vc="0" uspid="31" ordinal="12" offset="98" sl="68" sc="25" el="68" ec="72" bec="0" bev="0" fileid="1" />
                <SequencePoint vc="0" uspid="32" ordinal="13" offset="111" sl="69" sc="25" el="69" ec="68" bec="0" bev="0" fileid="1" />
                <SequencePoint vc="0" uspid="33" ordinal="14" offset="125" sl="70" sc="25" el="70" ec="32" bec="0" bev="0" fileid="1" />
                <SequencePoint vc="0" uspid="34" ordinal="15" offset="127" sl="72" sc="21" el="72" ec="26" bec="0" bev="0" fileid="1" />
                <SequencePoint vc="0" uspid="35" ordinal="16" offset="128" sl="73" sc="21" el="73" ec="22" bec="0" bev="0" fileid="1" />
                <SequencePoint vc="0" uspid="36" ordinal="17" offset="129" sl="75" sc="21" el="75" ec="22" bec="0" bev="0" fileid="1" />
                <SequencePoint vc="0" uspid="37" ordinal="18" offset="132" sl="76" sc="17" el="76" ec="18" bec="0" bev="0" fileid="1" />
                <SequencePoint vc="0" uspid="38" ordinal="19" offset="133" sl="63" sc="43" el="63" ec="45" bec="0" bev="0" fileid="1" />
                <SequencePoint vc="0" uspid="39" ordinal="20" offset="154" sl="77" sc="13" el="77" ec="14" bec="0" bev="0" fileid="1" />
                <SequencePoint vc="0" uspid="40" ordinal="21" offset="155" sl="78" sc="9" el="78" ec="10" bec="0" bev="0" fileid="1" />
              </SequencePoints>
              <BranchPoints>
                <BranchPoint vc="0" uspid="41" ordinal="0" offset="15" sl="57" path="0" offsetend="17" fileid="1" />
                <BranchPoint vc="0" uspid="42" ordinal="1" offset="15" sl="57" path="1" offsetend="50" fileid="1" />
              </BranchPoints>
              <MethodPoint xsi:type="SequencePoint" vc="0" uspid="19" ordinal="0" offset="0" sl="56" sc="9" el="56" ec="10" bec="0" bev="0" fileid="1" />
            </Method>
            <Method visited="false" cyclomaticComplexity="1" nPathComplexity="0" sequenceCoverage="0" branchCoverage="0" crapScore="2" isConstructor="false" isStatic="false" isGetter="false" isSetter="false">
              <Summary numSequencePoints="3" visitedSequencePoints="0" numBranchPoints="1" visitedBranchPoints="0" sequenceCoverage="0" branchCoverage="0" maxCyclomaticComplexity="1" minCyclomaticComplexity="1" maxCrapScore="2" minCrapScore="2" visitedClasses="0" numClasses="0" visitedMethods="0" numMethods="1" />
              <MetadataToken>100663301</MetadataToken>
              <Name>System.Void MainFormUITest.Robot::Sleep(System.Double)</Name>
              <FileRef uid="1" />
              <SequencePoints>
                <SequencePoint vc="0" uspid="45" ordinal="0" offset="0" sl="82" sc="9" el="82" ec="10" bec="0" bev="0" fileid="1" />
                <SequencePoint vc="0" uspid="46" ordinal="1" offset="1" sl="83" sc="13" el="83" ec="54" bec="0" bev="0" fileid="1" />
                <SequencePoint vc="0" uspid="47" ordinal="2" offset="13" sl="84" sc="9" el="84" ec="10" bec="0" bev="0" fileid="1" />
              </SequencePoints>
              <BranchPoints />
              <MethodPoint xsi:type="SequencePoint" vc="0" uspid="45" ordinal="0" offset="0" sl="82" sc="9" el="82" ec="10" bec="0" bev="0" fileid="1" />
            </Method>
            <Method visited="false" cyclomaticComplexity="1" nPathComplexity="0" sequenceCoverage="0" branchCoverage="0" crapScore="2" isConstructor="false" isStatic="false" isGetter="false" isSetter="false">
              <Summary numSequencePoints="3" visitedSequencePoints="0" numBranchPoints="1" visitedBranchPoints="0" sequenceCoverage="0" branchCoverage="0" maxCyclomaticComplexity="1" minCyclomaticComplexity="1" maxCrapScore="2" minCrapScore="2" visitedClasses="0" numClasses="0" visitedMethods="0" numMethods="1" />
              <MetadataToken>100663302</MetadataToken>
              <Name>System.Void MainFormUITest.Robot::ClickButton(System.String)</Name>
              <FileRef uid="1" />
              <SequencePoints>
                <SequencePoint vc="0" uspid="48" ordinal="0" offset="0" sl="88" sc="9" el="88" ec="10" bec="0" bev="0" fileid="1" />
                <SequencePoint vc="0" uspid="49" ordinal="1" offset="1" sl="89" sc="13" el="89" ec="53" bec="0" bev="0" fileid="1" />
                <SequencePoint vc="0" uspid="50" ordinal="2" offset="19" sl="90" sc="9" el="90" ec="10" bec="0" bev="0" fileid="1" />
              </SequencePoints>
              <BranchPoints />
              <MethodPoint xsi:type="SequencePoint" vc="0" uspid="48" ordinal="0" offset="0" sl="88" sc="9" el="88" ec="10" bec="0" bev="0" fileid="1" />
            </Method>
            <Method visited="false" cyclomaticComplexity="4" nPathComplexity="2" sequenceCoverage="0" branchCoverage="0" crapScore="20" isConstructor="false" isStatic="false" isGetter="false" isSetter="false">
              <Summary numSequencePoints="11" visitedSequencePoints="0" numBranchPoints="3" visitedBranchPoints="0" sequenceCoverage="0" branchCoverage="0" maxCyclomaticComplexity="4" minCyclomaticComplexity="4" maxCrapScore="20" minCrapScore="20" visitedClasses="0" numClasses="0" visitedMethods="0" numMethods="1" />
              <MetadataToken>100663303</MetadataToken>
              <Name>System.Void MainFormUITest.Robot::ClickTabControl(System.String)</Name>
              <FileRef uid="1" />
              <SequencePoints>
                <SequencePoint vc="0" uspid="51" ordinal="0" offset="0" sl="94" sc="9" el="94" ec="10" bec="0" bev="0" fileid="1" />
                <SequencePoint vc="0" uspid="52" ordinal="1" offset="1" sl="95" sc="13" el="95" ec="61" bec="0" bev="0" fileid="1" />
                <SequencePoint vc="0" uspid="53" ordinal="2" offset="14" sl="96" sc="13" el="96" ec="20" bec="0" bev="0" fileid="1" />
                <SequencePoint vc="0" uspid="54" ordinal="3" offset="15" sl="96" sc="37" el="96" ec="45" bec="0" bev="0" fileid="1" />
                <SequencePoint vc="0" uspid="55" ordinal="4" offset="24" sl="96" sc="22" el="96" ec="33" bec="0" bev="0" fileid="1" />
                <SequencePoint vc="0" uspid="56" ordinal="5" offset="31" sl="97" sc="13" el="97" ec="14" bec="0" bev="0" fileid="1" />
                <SequencePoint vc="0" uspid="57" ordinal="6" offset="32" sl="98" sc="17" el="98" ec="62" bec="2" bev="0" fileid="1" />
                <SequencePoint vc="0" uspid="58" ordinal="7" offset="52" sl="99" sc="21" el="99" ec="37" bec="0" bev="0" fileid="1" />
                <SequencePoint vc="0" uspid="59" ordinal="8" offset="59" sl="100" sc="13" el="100" ec="14" bec="0" bev="0" fileid="1" />
                <SequencePoint vc="0" uspid="60" ordinal="9" offset="60" sl="96" sc="34" el="96" ec="36" bec="0" bev="0" fileid="1" />
                <SequencePoint vc="0" uspid="61" ordinal="10" offset="81" sl="101" sc="9" el="101" ec="10" bec="0" bev="0" fileid="1" />
              </SequencePoints>
              <BranchPoints>
                <BranchPoint vc="0" uspid="62" ordinal="0" offset="50" sl="98" path="0" offsetend="52" fileid="1" />
                <BranchPoint vc="0" uspid="63" ordinal="1" offset="50" sl="98" path="1" offsetend="59" fileid="1" />
              </BranchPoints>
              <MethodPoint xsi:type="SequencePoint" vc="0" uspid="51" ordinal="0" offset="0" sl="94" sc="9" el="94" ec="10" bec="0" bev="0" fileid="1" />
            </Method>
            <Method visited="false" cyclomaticComplexity="1" nPathComplexity="0" sequenceCoverage="0" branchCoverage="0" crapScore="2" isConstructor="false" isStatic="false" isGetter="false" isSetter="false">
              <Summary numSequencePoints="8" visitedSequencePoints="0" numBranchPoints="1" visitedBranchPoints="0" sequenceCoverage="0" branchCoverage="0" maxCyclomaticComplexity="1" minCyclomaticComplexity="1" maxCrapScore="2" minCrapScore="2" visitedClasses="0" numClasses="0" visitedMethods="0" numMethods="1" />
              <MetadataToken>100663304</MetadataToken>
              <Name>System.Void MainFormUITest.Robot::DragAndDrop(System.String,System.Int32,System.Int32,System.Int32,System.Int32)</Name>
              <FileRef uid="1" />
              <SequencePoints>
                <SequencePoint vc="0" uspid="66" ordinal="0" offset="0" sl="113" sc="9" el="113" ec="10" bec="0" bev="0" fileid="1" />
                <SequencePoint vc="0" uspid="67" ordinal="1" offset="1" sl="114" sc="13" el="114" ec="51" bec="0" bev="0" fileid="1" />
                <SequencePoint vc="0" uspid="68" ordinal="2" offset="13" sl="115" sc="13" el="115" ec="70" bec="0" bev="0" fileid="1" />
                <SequencePoint vc="0" uspid="69" ordinal="3" offset="26" sl="116" sc="13" el="116" ec="87" bec="0" bev="0" fileid="1" />
                <SequencePoint vc="0" uspid="70" ordinal="4" offset="67" sl="117" sc="13" el="117" ec="53" bec="0" bev="0" fileid="1" />
                <SequencePoint vc="0" uspid="71" ordinal="5" offset="80" sl="118" sc="13" el="118" ec="98" bec="0" bev="0" fileid="1" />
                <SequencePoint vc="0" uspid="72" ordinal="6" offset="117" sl="119" sc="13" el="119" ec="71" bec="0" bev="0" fileid="1" />
                <SequencePoint vc="0" uspid="73" ordinal="7" offset="142" sl="120" sc="9" el="120" ec="10" bec="0" bev="0" fileid="1" />
              </SequencePoints>
              <BranchPoints />
              <MethodPoint xsi:type="SequencePoint" vc="0" uspid="66" ordinal="0" offset="0" sl="113" sc="9" el="113" ec="10" bec="0" bev="0" fileid="1" />
            </Method>
            <Method visited="false" cyclomaticComplexity="1" nPathComplexity="0" sequenceCoverage="0" branchCoverage="0" crapScore="2" isConstructor="false" isStatic="false" isGetter="false" isSetter="false">
              <Summary numSequencePoints="3" visitedSequencePoints="0" numBranchPoints="1" visitedBranchPoints="0" sequenceCoverage="0" branchCoverage="0" maxCyclomaticComplexity="1" minCyclomaticComplexity="1" maxCrapScore="2" minCrapScore="2" visitedClasses="0" numClasses="0" visitedMethods="0" numMethods="1" />
              <MetadataToken>100663305</MetadataToken>
              <Name>System.Void MainFormUITest.Robot::CloseWindow()</Name>
              <FileRef uid="1" />
              <SequencePoints>
                <SequencePoint vc="0" uspid="74" ordinal="0" offset="0" sl="124" sc="9" el="124" ec="10" bec="0" bev="0" fileid="1" />
                <SequencePoint vc="0" uspid="75" ordinal="1" offset="1" sl="125" sc="13" el="125" ec="40" bec="0" bev="0" fileid="1" />
                <SequencePoint vc="0" uspid="76" ordinal="2" offset="12" sl="126" sc="9" el="126" ec="10" bec="0" bev="0" fileid="1" />
              </SequencePoints>
              <BranchPoints />
              <MethodPoint xsi:type="SequencePoint" vc="0" uspid="74" ordinal="0" offset="0" sl="124" sc="9" el="124" ec="10" bec="0" bev="0" fileid="1" />
            </Method>
            <Method visited="false" cyclomaticComplexity="1" nPathComplexity="0" sequenceCoverage="0" branchCoverage="0" crapScore="2" isConstructor="false" isStatic="false" isGetter="false" isSetter="false">
              <Summary numSequencePoints="3" visitedSequencePoints="0" numBranchPoints="1" visitedBranchPoints="0" sequenceCoverage="0" branchCoverage="0" maxCyclomaticComplexity="1" minCyclomaticComplexity="1" maxCrapScore="2" minCrapScore="2" visitedClasses="0" numClasses="0" visitedMethods="0" numMethods="1" />
              <MetadataToken>100663306</MetadataToken>
              <Name>System.Void MainFormUITest.Robot::CloseMessageBox()</Name>
              <FileRef uid="1" />
              <SequencePoints>
                <SequencePoint vc="0" uspid="77" ordinal="0" offset="0" sl="130" sc="9" el="130" ec="10" bec="0" bev="0" fileid="1" />
                <SequencePoint vc="0" uspid="78" ordinal="1" offset="1" sl="131" sc="13" el="131" ec="53" bec="0" bev="0" fileid="1" />
                <SequencePoint vc="0" uspid="79" ordinal="2" offset="23" sl="132" sc="9" el="132" ec="10" bec="0" bev="0" fileid="1" />
              </SequencePoints>
              <BranchPoints />
              <MethodPoint xsi:type="SequencePoint" vc="0" uspid="77" ordinal="0" offset="0" sl="130" sc="9" el="130" ec="10" bec="0" bev="0" fileid="1" />
            </Method>
            <Method visited="false" cyclomaticComplexity="1" nPathComplexity="0" sequenceCoverage="0" branchCoverage="0" crapScore="2" isConstructor="false" isStatic="false" isGetter="false" isSetter="false">
              <Summary numSequencePoints="4" visitedSequencePoints="0" numBranchPoints="1" visitedBranchPoints="0" sequenceCoverage="0" branchCoverage="0" maxCyclomaticComplexity="1" minCyclomaticComplexity="1" maxCrapScore="2" minCrapScore="2" visitedClasses="0" numClasses="0" visitedMethods="0" numMethods="1" />
              <MetadataToken>100663307</MetadataToken>
              <Name>System.Void MainFormUITest.Robot::ClickDataGridViewCellBy(System.String,System.Int32,System.String)</Name>
              <FileRef uid="1" />
              <SequencePoints>
                <SequencePoint vc="0" uspid="80" ordinal="0" offset="0" sl="136" sc="9" el="136" ec="10" bec="0" bev="0" fileid="1" />
                <SequencePoint vc="0" uspid="81" ordinal="1" offset="1" sl="137" sc="13" el="137" ec="75" bec="0" bev="0" fileid="1" />
                <SequencePoint vc="0" uspid="82" ordinal="2" offset="14" sl="138" sc="13" el="138" ec="79" bec="0" bev="0" fileid="1" />
                <SequencePoint vc="0" uspid="83" ordinal="3" offset="48" sl="139" sc="9" el="139" ec="10" bec="0" bev="0" fileid="1" />
              </SequencePoints>
              <BranchPoints />
              <MethodPoint xsi:type="SequencePoint" vc="0" uspid="80" ordinal="0" offset="0" sl="136" sc="9" el="136" ec="10" bec="0" bev="0" fileid="1" />
            </Method>
            <Method visited="false" cyclomaticComplexity="1" nPathComplexity="0" sequenceCoverage="0" branchCoverage="0" crapScore="2" isConstructor="false" isStatic="false" isGetter="false" isSetter="false">
              <Summary numSequencePoints="4" visitedSequencePoints="0" numBranchPoints="1" visitedBranchPoints="0" sequenceCoverage="0" branchCoverage="0" maxCyclomaticComplexity="1" minCyclomaticComplexity="1" maxCrapScore="2" minCrapScore="2" visitedClasses="0" numClasses="0" visitedMethods="0" numMethods="1" />
              <MetadataToken>100663308</MetadataToken>
              <Name>System.Void MainFormUITest.Robot::AssertEnable(System.String,System.Boolean)</Name>
              <FileRef uid="1" />
              <SequencePoints>
                <SequencePoint vc="0" uspid="84" ordinal="0" offset="0" sl="143" sc="9" el="143" ec="10" bec="0" bev="0" fileid="1" />
                <SequencePoint vc="0" uspid="85" ordinal="1" offset="1" sl="144" sc="13" el="144" ec="70" bec="0" bev="0" fileid="1" />
                <SequencePoint vc="0" uspid="86" ordinal="2" offset="14" sl="145" sc="13" el="145" ec="53" bec="0" bev="0" fileid="1" />
                <SequencePoint vc="0" uspid="87" ordinal="3" offset="27" sl="146" sc="9" el="146" ec="10" bec="0" bev="0" fileid="1" />
              </SequencePoints>
              <BranchPoints />
              <MethodPoint xsi:type="SequencePoint" vc="0" uspid="84" ordinal="0" offset="0" sl="143" sc="9" el="143" ec="10" bec="0" bev="0" fileid="1" />
            </Method>
            <Method visited="false" cyclomaticComplexity="1" nPathComplexity="0" sequenceCoverage="0" branchCoverage="0" crapScore="2" isConstructor="false" isStatic="false" isGetter="false" isSetter="false">
              <Summary numSequencePoints="4" visitedSequencePoints="0" numBranchPoints="1" visitedBranchPoints="0" sequenceCoverage="0" branchCoverage="0" maxCyclomaticComplexity="1" minCyclomaticComplexity="1" maxCrapScore="2" minCrapScore="2" visitedClasses="0" numClasses="0" visitedMethods="0" numMethods="1" />
              <MetadataToken>100663309</MetadataToken>
              <Name>System.Void MainFormUITest.Robot::AssertText(System.String,System.String)</Name>
              <FileRef uid="1" />
              <SequencePoints>
                <SequencePoint vc="0" uspid="88" ordinal="0" offset="0" sl="150" sc="9" el="150" ec="10" bec="0" bev="0" fileid="1" />
                <SequencePoint vc="0" uspid="89" ordinal="1" offset="1" sl="151" sc="13" el="151" ec="81" bec="0" bev="0" fileid="1" />
                <SequencePoint vc="0" uspid="90" ordinal="2" offset="14" sl="152" sc="13" el="152" ec="49" bec="0" bev="0" fileid="1" />
                <SequencePoint vc="0" uspid="91" ordinal="3" offset="27" sl="153" sc="9" el="153" ec="10" bec="0" bev="0" fileid="1" />
              </SequencePoints>
              <BranchPoints />
              <MethodPoint xsi:type="SequencePoint" vc="0" uspid="88" ordinal="0" offset="0" sl="150" sc="9" el="150" ec="10" bec="0" bev="0" fileid="1" />
            </Method>
            <Method visited="false" cyclomaticComplexity="2" nPathComplexity="2" sequenceCoverage="0" branchCoverage="0" crapScore="6" isConstructor="false" isStatic="false" isGetter="false" isSetter="false">
              <Summary numSequencePoints="10" visitedSequencePoints="0" numBranchPoints="3" visitedBranchPoints="0" sequenceCoverage="0" branchCoverage="0" maxCyclomaticComplexity="2" minCyclomaticComplexity="2" maxCrapScore="6" minCrapScore="6" visitedClasses="0" numClasses="0" visitedMethods="0" numMethods="1" />
              <MetadataToken>100663310</MetadataToken>
              <Name>System.Void MainFormUITest.Robot::AssertDataGridViewRowDataBy(System.String,System.Int32,System.String[])</Name>
              <FileRef uid="1" />
              <SequencePoints>
                <SequencePoint vc="0" uspid="92" ordinal="0" offset="0" sl="157" sc="9" el="157" ec="10" bec="0" bev="0" fileid="1" />
                <SequencePoint vc="0" uspid="93" ordinal="1" offset="1" sl="158" sc="13" el="158" ec="75" bec="0" bev="0" fileid="1" />
                <SequencePoint vc="0" uspid="94" ordinal="2" offset="14" sl="159" sc="13" el="159" ec="105" bec="0" bev="0" fileid="1" />
                <SequencePoint vc="0" uspid="95" ordinal="3" offset="47" sl="162" sc="18" el="162" ec="27" bec="0" bev="0" fileid="1" />
                <SequencePoint vc="0" uspid="96" ordinal="4" offset="51" sl="163" sc="13" el="163" ec="14" bec="0" bev="0" fileid="1" />
                <SequencePoint vc="0" uspid="97" ordinal="5" offset="52" sl="164" sc="17" el="164" ec="86" bec="0" bev="0" fileid="1" />
                <SequencePoint vc="0" uspid="98" ordinal="6" offset="90" sl="165" sc="13" el="165" ec="14" bec="0" bev="0" fileid="1" />
                <SequencePoint vc="0" uspid="99" ordinal="7" offset="91" sl="162" sc="49" el="162" ec="52" bec="0" bev="0" fileid="1" />
                <SequencePoint vc="0" uspid="100" ordinal="8" offset="95" sl="162" sc="29" el="162" ec="47" bec="2" bev="0" fileid="1" />
                <SequencePoint vc="0" uspid="101" ordinal="9" offset="108" sl="166" sc="9" el="166" ec="10" bec="0" bev="0" fileid="1" />
              </SequencePoints>
              <BranchPoints>
                <BranchPoint vc="0" uspid="102" ordinal="0" offset="106" sl="162" path="0" offsetend="108" fileid="1" />
                <BranchPoint vc="0" uspid="103" ordinal="1" offset="106" sl="162" path="1" offsetend="51" fileid="1" />
              </BranchPoints>
              <MethodPoint xsi:type="SequencePoint" vc="0" uspid="92" ordinal="0" offset="0" sl="157" sc="9" el="157" ec="10" bec="0" bev="0" fileid="1" />
            </Method>
            <Method visited="false" cyclomaticComplexity="5" nPathComplexity="16" sequenceCoverage="0" branchCoverage="0" crapScore="30" isConstructor="false" isStatic="false" isGetter="false" isSetter="false">
              <Summary numSequencePoints="17" visitedSequencePoints="0" numBranchPoints="9" visitedBranchPoints="0" sequenceCoverage="0" branchCoverage="0" maxCyclomaticComplexity="5" minCyclomaticComplexity="5" maxCrapScore="30" minCrapScore="30" visitedClasses="0" numClasses="0" visitedMethods="0" numMethods="1" />
              <MetadataToken>100663311</MetadataToken>
              <Name>System.Void MainFormUITest.Robot::AssertDataGridViewRowCountBy(System.String,System.Int32)</Name>
              <FileRef uid="1" />
              <SequencePoints>
                <SequencePoint vc="0" uspid="104" ordinal="0" offset="0" sl="170" sc="9" el="170" ec="10" bec="0" bev="0" fileid="1" />
                <SequencePoint vc="0" uspid="105" ordinal="1" offset="1" sl="171" sc="13" el="171" ec="75" bec="0" bev="0" fileid="1" />
                <SequencePoint vc="0" uspid="106" ordinal="2" offset="14" sl="172" sc="13" el="172" ec="87" bec="0" bev="0" fileid="1" />
                <SequencePoint vc="0" uspid="107" ordinal="3" offset="51" sl="173" sc="13" el="173" ec="76" bec="0" bev="0" fileid="1" />
                <SequencePoint vc="0" uspid="108" ordinal="4" offset="60" sl="176" sc="13" el="176" ec="14" bec="0" bev="0" fileid="1" />
                <SequencePoint vc="0" uspid="109" ordinal="5" offset="61" sl="177" sc="17" el="177" ec="71" bec="0" bev="0" fileid="1" />
                <SequencePoint vc="0" uspid="110" ordinal="6" offset="73" sl="178" sc="13" el="178" ec="14" bec="0" bev="0" fileid="1" />
                <SequencePoint vc="0" uspid="111" ordinal="7" offset="74" sl="175" sc="13" el="175" ec="106" bec="4" bev="0" fileid="1" />
                <SequencePoint vc="0" uspid="112" ordinal="8" offset="120" sl="180" sc="13" el="180" ec="33" bec="2" bev="0" fileid="1" />
                <SequencePoint vc="0" uspid="113" ordinal="9" offset="133" sl="181" sc="13" el="181" ec="14" bec="0" bev="0" fileid="1" />
                <SequencePoint vc="0" uspid="114" ordinal="10" offset="134" sl="182" sc="17" el="182" ec="105" bec="0" bev="0" fileid="1" />
                <SequencePoint vc="0" uspid="115" ordinal="11" offset="152" sl="184" sc="17" el="184" ec="41" bec="2" bev="0" fileid="1" />
                <SequencePoint vc="0" uspid="116" ordinal="12" offset="163" sl="185" sc="17" el="185" ec="18" bec="0" bev="0" fileid="1" />
                <SequencePoint vc="0" uspid="117" ordinal="13" offset="164" sl="186" sc="21" el="186" ec="77" bec="0" bev="0" fileid="1" />
                <SequencePoint vc="0" uspid="118" ordinal="14" offset="187" sl="187" sc="17" el="187" ec="18" bec="0" bev="0" fileid="1" />
                <SequencePoint vc="0" uspid="119" ordinal="15" offset="188" sl="188" sc="13" el="188" ec="14" bec="0" bev="0" fileid="1" />
                <SequencePoint vc="0" uspid="120" ordinal="16" offset="189" sl="189" sc="9" el="189" ec="10" bec="0" bev="0" fileid="1" />
              </SequencePoints>
              <BranchPoints>
                <BranchPoint vc="0" uspid="121" ordinal="0" offset="81" sl="175" path="0" offsetend="83" fileid="1" />
                <BranchPoint vc="0" uspid="122" ordinal="1" offset="81" sl="175" path="1" offsetend="113" fileid="1" />
                <BranchPoint vc="0" uspid="123" ordinal="2" offset="118" sl="175" path="0" offsetend="120" fileid="1" />
                <BranchPoint vc="0" uspid="124" ordinal="3" offset="118" sl="175" path="1" offsetend="60" fileid="1" />
                <BranchPoint vc="0" uspid="125" ordinal="4" offset="131" sl="180" path="0" offsetend="133" fileid="1" />
                <BranchPoint vc="0" uspid="126" ordinal="5" offset="131" sl="180" path="1" offsetend="189" fileid="1" />
                <BranchPoint vc="0" uspid="127" ordinal="6" offset="161" sl="184" path="0" offsetend="163" fileid="1" />
                <BranchPoint vc="0" uspid="128" ordinal="7" offset="161" sl="184" path="1" offsetend="188" fileid="1" />
              </BranchPoints>
              <MethodPoint xsi:type="SequencePoint" vc="0" uspid="104" ordinal="0" offset="0" sl="170" sc="9" el="170" ec="10" bec="0" bev="0" fileid="1" />
            </Method>
          </Methods>
        </Class>
        <Class>
          <Summary numSequencePoints="43" visitedSequencePoints="43" numBranchPoints="11" visitedBranchPoints="11" sequenceCoverage="100" branchCoverage="100" maxCyclomaticComplexity="1" minCyclomaticComplexity="1" maxCrapScore="1" minCrapScore="1" visitedClasses="1" numClasses="1" visitedMethods="11" numMethods="11" />
          <FullName>DrawingForm.PresentationModel.Tests.FormPresentationModelTests</FullName>
          <Methods>
            <Method visited="true" cyclomaticComplexity="1" nPathComplexity="0" sequenceCoverage="100" branchCoverage="100" crapScore="1" isConstructor="false" isStatic="false" isGetter="false" isSetter="false">
              <Summary numSequencePoints="5" visitedSequencePoints="5" numBranchPoints="1" visitedBranchPoints="1" sequenceCoverage="100" branchCoverage="100" maxCyclomaticComplexity="1" minCyclomaticComplexity="1" maxCrapScore="1" minCrapScore="1" visitedClasses="0" numClasses="0" visitedMethods="1" numMethods="1" />
              <MetadataToken>100663312</MetadataToken>
              <Name>System.Void DrawingForm.PresentationModel.Tests.FormPresentationModelTests::Initialize()</Name>
              <FileRef uid="2" />
              <SequencePoints>
                <SequencePoint vc="9" uspid="129" ordinal="0" offset="0" sl="25" sc="9" el="25" ec="10" bec="0" bev="0" fileid="2" />
                <SequencePoint vc="9" uspid="130" ordinal="1" offset="1" sl="26" sc="13" el="26" ec="47" bec="0" bev="0" fileid="2" />
                <SequencePoint vc="9" uspid="131" ordinal="2" offset="12" sl="27" sc="13" el="27" ec="95" bec="0" bev="0" fileid="2" />
                <SequencePoint vc="9" uspid="132" ordinal="3" offset="35" sl="28" sc="13" el="28" ec="50" bec="0" bev="0" fileid="2" />
                <SequencePoint vc="9" uspid="133" ordinal="4" offset="46" sl="30" sc="9" el="30" ec="10" bec="0" bev="0" fileid="2" />
              </SequencePoints>
              <BranchPoints />
              <MethodPoint xsi:type="SequencePoint" vc="9" uspid="129" ordinal="0" offset="0" sl="25" sc="9" el="25" ec="10" bec="0" bev="0" fileid="2" />
            </Method>
            <Method visited="true" cyclomaticComplexity="1" nPathComplexity="0" sequenceCoverage="100" branchCoverage="100" crapScore="1" isConstructor="false" isStatic="false" isGetter="false" isSetter="false">
              <Summary numSequencePoints="2" visitedSequencePoints="2" numBranchPoints="1" visitedBranchPoints="1" sequenceCoverage="100" branchCoverage="100" maxCyclomaticComplexity="1" minCyclomaticComplexity="1" maxCrapScore="1" minCrapScore="1" visitedClasses="0" numClasses="0" visitedMethods="1" numMethods="1" />
              <MetadataToken>100663313</MetadataToken>
              <Name>System.Void DrawingForm.PresentationModel.Tests.FormPresentationModelTests::FormPresentationModelTest()</Name>
              <FileRef uid="2" />
              <SequencePoints>
                <SequencePoint vc="1" uspid="134" ordinal="0" offset="0" sl="35" sc="9" el="35" ec="10" bec="0" bev="0" fileid="2" />
                <SequencePoint vc="1" uspid="135" ordinal="1" offset="1" sl="36" sc="9" el="36" ec="10" bec="0" bev="0" fileid="2" />
              </SequencePoints>
              <BranchPoints />
              <MethodPoint xsi:type="SequencePoint" vc="1" uspid="134" ordinal="0" offset="0" sl="35" sc="9" el="35" ec="10" bec="0" bev="0" fileid="2" />
            </Method>
            <Method visited="true" cyclomaticComplexity="1" nPathComplexity="0" sequenceCoverage="100" branchCoverage="100" crapScore="1" isConstructor="false" isStatic="false" isGetter="false" isSetter="false">
              <Summary numSequencePoints="6" visitedSequencePoints="6" numBranchPoints="1" visitedBranchPoints="1" sequenceCoverage="100" branchCoverage="100" maxCyclomaticComplexity="1" minCyclomaticComplexity="1" maxCrapScore="1" minCrapScore="1" visitedClasses="0" numClasses="0" visitedMethods="1" numMethods="1" />
              <MetadataToken>100663314</MetadataToken>
              <Name>System.Void DrawingForm.PresentationModel.Tests.FormPresentationModelTests::ClickLineTest()</Name>
              <FileRef uid="2" />
              <SequencePoints>
                <SequencePoint vc="1" uspid="136" ordinal="0" offset="0" sl="41" sc="9" el="41" ec="10" bec="0" bev="0" fileid="2" />
                <SequencePoint vc="1" uspid="137" ordinal="1" offset="1" sl="42" sc="13" el="42" ec="44" bec="0" bev="0" fileid="2" />
                <SequencePoint vc="1" uspid="138" ordinal="2" offset="13" sl="43" sc="13" el="43" ec="69" bec="0" bev="0" fileid="2" />
                <SequencePoint vc="1" uspid="139" ordinal="3" offset="31" sl="44" sc="13" el="44" ec="74" bec="0" bev="0" fileid="2" />
                <SequencePoint vc="1" uspid="140" ordinal="4" offset="49" sl="45" sc="13" el="45" ec="72" bec="0" bev="0" fileid="2" />
                <SequencePoint vc="1" uspid="141" ordinal="5" offset="67" sl="46" sc="9" el="46" ec="10" bec="0" bev="0" fileid="2" />
              </SequencePoints>
              <BranchPoints />
              <MethodPoint xsi:type="SequencePoint" vc="1" uspid="136" ordinal="0" offset="0" sl="41" sc="9" el="41" ec="10" bec="0" bev="0" fileid="2" />
            </Method>
            <Method visited="true" cyclomaticComplexity="1" nPathComplexity="0" sequenceCoverage="100" branchCoverage="100" crapScore="1" isConstructor="false" isStatic="false" isGetter="false" isSetter="false">
              <Summary numSequencePoints="5" visitedSequencePoints="5" numBranchPoints="1" visitedBranchPoints="1" sequenceCoverage="100" branchCoverage="100" maxCyclomaticComplexity="1" minCyclomaticComplexity="1" maxCrapScore="1" minCrapScore="1" visitedClasses="0" numClasses="0" visitedMethods="1" numMethods="1" />
              <MetadataToken>100663315</MetadataToken>
              <Name>System.Void DrawingForm.PresentationModel.Tests.FormPresentationModelTests::ClickTriangleTest()</Name>
              <FileRef uid="2" />
              <SequencePoints>
                <SequencePoint vc="1" uspid="142" ordinal="0" offset="0" sl="51" sc="9" el="51" ec="10" bec="0" bev="0" fileid="2" />
                <SequencePoint vc="1" uspid="143" ordinal="1" offset="1" sl="52" sc="13" el="52" ec="48" bec="0" bev="0" fileid="2" />
                <SequencePoint vc="1" uspid="144" ordinal="2" offset="13" sl="53" sc="13" el="53" ec="74" bec="0" bev="0" fileid="2" />
                <SequencePoint vc="1" uspid="145" ordinal="3" offset="31" sl="54" sc="13" el="54" ec="73" bec="0" bev="0" fileid="2" />
                <SequencePoint vc="1" uspid="146" ordinal="4" offset="49" sl="55" sc="9" el="55" ec="10" bec="0" bev="0" fileid="2" />
              </SequencePoints>
              <BranchPoints />
              <MethodPoint xsi:type="SequencePoint" vc="1" uspid="142" ordinal="0" offset="0" sl="51" sc="9" el="51" ec="10" bec="0" bev="0" fileid="2" />
            </Method>
            <Method visited="true" cyclomaticComplexity="1" nPathComplexity="0" sequenceCoverage="100" branchCoverage="100" crapScore="1" isConstructor="false" isStatic="false" isGetter="false" isSetter="false">
              <Summary numSequencePoints="5" visitedSequencePoints="5" numBranchPoints="1" visitedBranchPoints="1" sequenceCoverage="100" branchCoverage="100" maxCyclomaticComplexity="1" minCyclomaticComplexity="1" maxCrapScore="1" minCrapScore="1" visitedClasses="0" numClasses="0" visitedMethods="1" numMethods="1" />
              <MetadataToken>100663316</MetadataToken>
              <Name>System.Void DrawingForm.PresentationModel.Tests.FormPresentationModelTests::ClickRectangleTest()</Name>
              <FileRef uid="2" />
              <SequencePoints>
                <SequencePoint vc="1" uspid="147" ordinal="0" offset="0" sl="60" sc="9" el="60" ec="10" bec="0" bev="0" fileid="2" />
                <SequencePoint vc="1" uspid="148" ordinal="1" offset="1" sl="61" sc="13" el="61" ec="49" bec="0" bev="0" fileid="2" />
                <SequencePoint vc="1" uspid="149" ordinal="2" offset="13" sl="62" sc="13" el="62" ec="75" bec="0" bev="0" fileid="2" />
                <SequencePoint vc="1" uspid="150" ordinal="3" offset="31" sl="63" sc="13" el="63" ec="72" bec="0" bev="0" fileid="2" />
                <SequencePoint vc="1" uspid="151" ordinal="4" offset="49" sl="64" sc="9" el="64" ec="10" bec="0" bev="0" fileid="2" />
              </SequencePoints>
              <BranchPoints />
              <MethodPoint xsi:type="SequencePoint" vc="1" uspid="147" ordinal="0" offset="0" sl="60" sc="9" el="60" ec="10" bec="0" bev="0" fileid="2" />
            </Method>
            <Method visited="true" cyclomaticComplexity="1" nPathComplexity="0" sequenceCoverage="100" branchCoverage="100" crapScore="1" isConstructor="false" isStatic="false" isGetter="false" isSetter="false">
              <Summary numSequencePoints="5" visitedSequencePoints="5" numBranchPoints="1" visitedBranchPoints="1" sequenceCoverage="100" branchCoverage="100" maxCyclomaticComplexity="1" minCyclomaticComplexity="1" maxCrapScore="1" minCrapScore="1" visitedClasses="0" numClasses="0" visitedMethods="1" numMethods="1" />
              <MetadataToken>100663317</MetadataToken>
              <Name>System.Void DrawingForm.PresentationModel.Tests.FormPresentationModelTests::EnableAllTest()</Name>
              <FileRef uid="2" />
              <SequencePoints>
                <SequencePoint vc="1" uspid="152" ordinal="0" offset="0" sl="69" sc="9" el="69" ec="10" bec="0" bev="0" fileid="2" />
                <SequencePoint vc="1" uspid="153" ordinal="1" offset="1" sl="70" sc="13" el="70" ec="44" bec="0" bev="0" fileid="2" />
                <SequencePoint vc="1" uspid="154" ordinal="2" offset="13" sl="71" sc="13" el="71" ec="74" bec="0" bev="0" fileid="2" />
                <SequencePoint vc="1" uspid="155" ordinal="3" offset="31" sl="72" sc="13" el="72" ec="72" bec="0" bev="0" fileid="2" />
                <SequencePoint vc="1" uspid="156" ordinal="4" offset="49" sl="73" sc="9" el="73" ec="10" bec="0" bev="0" fileid="2" />
              </SequencePoints>
              <BranchPoints />
              <MethodPoint xsi:type="SequencePoint" vc="1" uspid="152" ordinal="0" offset="0" sl="69" sc="9" el="69" ec="10" bec="0" bev="0" fileid="2" />
            </Method>
            <Method visited="true" cyclomaticComplexity="1" nPathComplexity="0" sequenceCoverage="100" branchCoverage="100" crapScore="1" isConstructor="false" isStatic="false" isGetter="false" isSetter="false">
              <Summary numSequencePoints="5" visitedSequencePoints="5" numBranchPoints="1" visitedBranchPoints="1" sequenceCoverage="100" branchCoverage="100" maxCyclomaticComplexity="1" minCyclomaticComplexity="1" maxCrapScore="1" minCrapScore="1" visitedClasses="0" numClasses="0" visitedMethods="1" numMethods="1" />
              <MetadataToken>100663318</MetadataToken>
              <Name>System.Void DrawingForm.PresentationModel.Tests.FormPresentationModelTests::EnableReleasedTest()</Name>
              <FileRef uid="2" />
              <SequencePoints>
                <SequencePoint vc="1" uspid="157" ordinal="0" offset="0" sl="78" sc="9" el="78" ec="10" bec="0" bev="0" fileid="2" />
                <SequencePoint vc="1" uspid="158" ordinal="1" offset="1" sl="79" sc="13" el="79" ec="49" bec="0" bev="0" fileid="2" />
                <SequencePoint vc="1" uspid="159" ordinal="2" offset="13" sl="80" sc="13" el="80" ec="74" bec="0" bev="0" fileid="2" />
                <SequencePoint vc="1" uspid="160" ordinal="3" offset="31" sl="81" sc="13" el="81" ec="72" bec="0" bev="0" fileid="2" />
                <SequencePoint vc="1" uspid="161" ordinal="4" offset="49" sl="82" sc="9" el="82" ec="10" bec="0" bev="0" fileid="2" />
              </SequencePoints>
              <BranchPoints />
              <MethodPoint xsi:type="SequencePoint" vc="1" uspid="157" ordinal="0" offset="0" sl="78" sc="9" el="78" ec="10" bec="0" bev="0" fileid="2" />
            </Method>
            <Method visited="true" cyclomaticComplexity="1" nPathComplexity="0" sequenceCoverage="100" branchCoverage="100" crapScore="1" isConstructor="false" isStatic="false" isGetter="false" isSetter="false">
              <Summary numSequencePoints="3" visitedSequencePoints="3" numBranchPoints="1" visitedBranchPoints="1" sequenceCoverage="100" branchCoverage="100" maxCyclomaticComplexity="1" minCyclomaticComplexity="1" maxCrapScore="1" minCrapScore="1" visitedClasses="0" numClasses="0" visitedMethods="1" numMethods="1" />
              <MetadataToken>100663319</MetadataToken>
              <Name>System.Void DrawingForm.PresentationModel.Tests.FormPresentationModelTests::IsTriangleEnableTest()</Name>
              <FileRef uid="2" />
              <SequencePoints>
                <SequencePoint vc="1" uspid="162" ordinal="0" offset="0" sl="87" sc="9" el="87" ec="10" bec="0" bev="0" fileid="2" />
                <SequencePoint vc="1" uspid="163" ordinal="1" offset="1" sl="88" sc="13" el="88" ec="72" bec="0" bev="0" fileid="2" />
                <SequencePoint vc="1" uspid="164" ordinal="2" offset="19" sl="89" sc="9" el="89" ec="10" bec="0" bev="0" fileid="2" />
              </SequencePoints>
              <BranchPoints />
              <MethodPoint xsi:type="SequencePoint" vc="1" uspid="162" ordinal="0" offset="0" sl="87" sc="9" el="87" ec="10" bec="0" bev="0" fileid="2" />
            </Method>
            <Method visited="true" cyclomaticComplexity="1" nPathComplexity="0" sequenceCoverage="100" branchCoverage="100" crapScore="1" isConstructor="false" isStatic="false" isGetter="false" isSetter="false">
              <Summary numSequencePoints="3" visitedSequencePoints="3" numBranchPoints="1" visitedBranchPoints="1" sequenceCoverage="100" branchCoverage="100" maxCyclomaticComplexity="1" minCyclomaticComplexity="1" maxCrapScore="1" minCrapScore="1" visitedClasses="0" numClasses="0" visitedMethods="1" numMethods="1" />
              <MetadataToken>100663320</MetadataToken>
              <Name>System.Void DrawingForm.PresentationModel.Tests.FormPresentationModelTests::IsRectangleEnabledTest()</Name>
              <FileRef uid="2" />
              <SequencePoints>
                <SequencePoint vc="1" uspid="165" ordinal="0" offset="0" sl="94" sc="9" el="94" ec="10" bec="0" bev="0" fileid="2" />
                <SequencePoint vc="1" uspid="166" ordinal="1" offset="1" sl="95" sc="13" el="95" ec="74" bec="0" bev="0" fileid="2" />
                <SequencePoint vc="1" uspid="167" ordinal="2" offset="19" sl="96" sc="9" el="96" ec="10" bec="0" bev="0" fileid="2" />
              </SequencePoints>
              <BranchPoints />
              <MethodPoint xsi:type="SequencePoint" vc="1" uspid="165" ordinal="0" offset="0" sl="94" sc="9" el="94" ec="10" bec="0" bev="0" fileid="2" />
            </Method>
            <Method visited="true" cyclomaticComplexity="1" nPathComplexity="0" sequenceCoverage="100" branchCoverage="100" crapScore="1" isConstructor="false" isStatic="false" isGetter="false" isSetter="false">
              <Summary numSequencePoints="3" visitedSequencePoints="3" numBranchPoints="1" visitedBranchPoints="1" sequenceCoverage="100" branchCoverage="100" maxCyclomaticComplexity="1" minCyclomaticComplexity="1" maxCrapScore="1" minCrapScore="1" visitedClasses="0" numClasses="0" visitedMethods="1" numMethods="1" />
              <MetadataToken>100663321</MetadataToken>
              <Name>System.Void DrawingForm.PresentationModel.Tests.FormPresentationModelTests::DrawTest()</Name>
              <FileRef uid="2" />
              <SequencePoints>
                <SequencePoint vc="1" uspid="168" ordinal="0" offset="0" sl="101" sc="9" el="101" ec="10" bec="0" bev="0" fileid="2" />
                <SequencePoint vc="1" uspid="169" ordinal="1" offset="1" sl="102" sc="13" el="102" ec="53" bec="0" bev="0" fileid="2" />
                <SequencePoint vc="1" uspid="170" ordinal="2" offset="19" sl="103" sc="9" el="103" ec="10" bec="0" bev="0" fileid="2" />
              </SequencePoints>
              <BranchPoints />
              <MethodPoint xsi:type="SequencePoint" vc="1" uspid="168" ordinal="0" offset="0" sl="101" sc="9" el="101" ec="10" bec="0" bev="0" fileid="2" />
            </Method>
            <Method visited="true" cyclomaticComplexity="1" nPathComplexity="0" sequenceCoverage="100" branchCoverage="100" crapScore="1" isConstructor="true" isStatic="false" isGetter="false" isSetter="false">
              <Summary numSequencePoints="1" visitedSequencePoints="1" numBranchPoints="1" visitedBranchPoints="1" sequenceCoverage="100" branchCoverage="100" maxCyclomaticComplexity="1" minCyclomaticComplexity="1" maxCrapScore="1" minCrapScore="1" visitedClasses="0" numClasses="0" visitedMethods="1" numMethods="1" />
              <MetadataToken>100663322</MetadataToken>
              <Name>System.Void DrawingForm.PresentationModel.Tests.FormPresentationModelTests::.ctor()</Name>
              <FileRef uid="2" />
              <SequencePoints>
                <SequencePoint vc="9" uspid="171" ordinal="0" offset="0" sl="19" sc="9" el="19" ec="51" bec="0" bev="0" fileid="2" />
              </SequencePoints>
              <BranchPoints />
              <MethodPoint xsi:type="SequencePoint" vc="9" uspid="171" ordinal="0" offset="0" sl="19" sc="9" el="19" ec="51" bec="0" bev="0" fileid="2" />
            </Method>
          </Methods>
        </Class>
        <Class>
          <Summary numSequencePoints="67" visitedSequencePoints="7" numBranchPoints="13" visitedBranchPoints="2" sequenceCoverage="10.45" branchCoverage="15.38" maxCyclomaticComplexity="1" minCyclomaticComplexity="1" maxCrapScore="2" minCrapScore="1.00" visitedClasses="1" numClasses="1" visitedMethods="2" numMethods="13" />
          <FullName>HomeWork.Tests.MainFormUITest</FullName>
          <Methods>
            <Method visited="true" cyclomaticComplexity="1" nPathComplexity="0" sequenceCoverage="83.33" branchCoverage="100" crapScore="1.00" isConstructor="false" isStatic="false" isGetter="false" isSetter="false">
              <Summary numSequencePoints="6" visitedSequencePoints="5" numBranchPoints="1" visitedBranchPoints="1" sequenceCoverage="83.33" branchCoverage="100" maxCyclomaticComplexity="1" minCyclomaticComplexity="1" maxCrapScore="1.00" minCrapScore="1.00" visitedClasses="0" numClasses="0" visitedMethods="1" numMethods="1" />
              <MetadataToken>100663323</MetadataToken>
              <Name>System.Void HomeWork.Tests.MainFormUITest::Initialize()</Name>
              <FileRef uid="3" />
              <SequencePoints>
                <SequencePoint vc="5" uspid="172" ordinal="0" offset="0" sl="23" sc="9" el="23" ec="10" bec="0" bev="0" fileid="3" />
                <SequencePoint vc="5" uspid="173" ordinal="1" offset="1" sl="24" sc="13" el="24" ec="45" bec="0" bev="0" fileid="3" />
                <SequencePoint vc="5" uspid="174" ordinal="2" offset="7" sl="25" sc="13" el="25" ec="121" bec="0" bev="0" fileid="3" />
                <SequencePoint vc="5" uspid="175" ordinal="3" offset="33" sl="26" sc="13" el="26" ec="104" bec="0" bev="0" fileid="3" />
                <SequencePoint vc="5" uspid="176" ordinal="4" offset="82" sl="27" sc="13" el="27" ec="58" bec="0" bev="0" fileid="3" />
                <SequencePoint vc="0" uspid="177" ordinal="5" offset="104" sl="28" sc="9" el="28" ec="10" bec="0" bev="0" fileid="3" />
              </SequencePoints>
              <BranchPoints />
              <MethodPoint xsi:type="SequencePoint" vc="5" uspid="172" ordinal="0" offset="0" sl="23" sc="9" el="23" ec="10" bec="0" bev="0" fileid="3" />
            </Method>
            <Method visited="true" cyclomaticComplexity="1" nPathComplexity="0" sequenceCoverage="66.67" branchCoverage="100" crapScore="1.04" isConstructor="false" isStatic="false" isGetter="false" isSetter="false">
              <Summary numSequencePoints="3" visitedSequencePoints="2" numBranchPoints="1" visitedBranchPoints="1" sequenceCoverage="66.67" branchCoverage="100" maxCyclomaticComplexity="1" minCyclomaticComplexity="1" maxCrapScore="1.04" minCrapScore="1.04" visitedClasses="0" numClasses="0" visitedMethods="1" numMethods="1" />
              <MetadataToken>100663324</MetadataToken>
              <Name>System.Void HomeWork.Tests.MainFormUITest::Cleanup()</Name>
              <FileRef uid="3" />
              <SequencePoints>
                <SequencePoint vc="5" uspid="178" ordinal="0" offset="0" sl="33" sc="9" el="33" ec="10" bec="0" bev="0" fileid="3" />
                <SequencePoint vc="5" uspid="179" ordinal="1" offset="1" sl="34" sc="13" el="34" ec="30" bec="0" bev="0" fileid="3" />
                <SequencePoint vc="0" uspid="180" ordinal="2" offset="13" sl="35" sc="9" el="35" ec="10" bec="0" bev="0" fileid="3" />
              </SequencePoints>
              <BranchPoints />
              <MethodPoint xsi:type="SequencePoint" vc="5" uspid="178" ordinal="0" offset="0" sl="33" sc="9" el="33" ec="10" bec="0" bev="0" fileid="3" />
            </Method>
            <Method visited="false" cyclomaticComplexity="1" nPathComplexity="0" sequenceCoverage="0" branchCoverage="0" crapScore="2" isConstructor="false" isStatic="false" isGetter="false" isSetter="false">
              <Summary numSequencePoints="5" visitedSequencePoints="0" numBranchPoints="1" visitedBranchPoints="0" sequenceCoverage="0" branchCoverage="0" maxCyclomaticComplexity="1" minCyclomaticComplexity="1" maxCrapScore="2" minCrapScore="2" visitedClasses="0" numClasses="0" visitedMethods="0" numMethods="1" />
              <MetadataToken>100663325</MetadataToken>
              <Name>System.Void HomeWork.Tests.MainFormUITest::DrawRectangle()</Name>
              <FileRef uid="3" />
              <SequencePoints>
                <SequencePoint vc="0" uspid="181" ordinal="0" offset="0" sl="39" sc="9" el="39" ec="10" bec="0" bev="0" fileid="3" />
                <SequencePoint vc="0" uspid="182" ordinal="1" offset="1" sl="40" sc="13" el="40" ec="45" bec="0" bev="0" fileid="3" />
                <SequencePoint vc="0" uspid="183" ordinal="2" offset="18" sl="41" sc="13" el="41" ec="63" bec="0" bev="0" fileid="3" />
                <SequencePoint vc="0" uspid="184" ordinal="3" offset="49" sl="42" sc="13" el="42" ec="63" bec="0" bev="0" fileid="3" />
                <SequencePoint vc="0" uspid="185" ordinal="4" offset="86" sl="43" sc="9" el="43" ec="10" bec="0" bev="0" fileid="3" />
              </SequencePoints>
              <BranchPoints />
              <MethodPoint xsi:type="SequencePoint" vc="0" uspid="181" ordinal="0" offset="0" sl="39" sc="9" el="39" ec="10" bec="0" bev="0" fileid="3" />
            </Method>
            <Method visited="false" cyclomaticComplexity="1" nPathComplexity="0" sequenceCoverage="0" branchCoverage="0" crapScore="2" isConstructor="false" isStatic="false" isGetter="false" isSetter="false">
              <Summary numSequencePoints="4" visitedSequencePoints="0" numBranchPoints="1" visitedBranchPoints="0" sequenceCoverage="0" branchCoverage="0" maxCyclomaticComplexity="1" minCyclomaticComplexity="1" maxCrapScore="2" minCrapScore="2" visitedClasses="0" numClasses="0" visitedMethods="0" numMethods="1" />
              <MetadataToken>100663326</MetadataToken>
              <Name>System.Void HomeWork.Tests.MainFormUITest::TestRectangle()</Name>
              <FileRef uid="3" />
              <SequencePoints>
                <SequencePoint vc="0" uspid="186" ordinal="0" offset="0" sl="48" sc="9" el="48" ec="10" bec="0" bev="0" fileid="3" />
                <SequencePoint vc="0" uspid="187" ordinal="1" offset="1" sl="49" sc="13" el="49" ec="29" bec="0" bev="0" fileid="3" />
                <SequencePoint vc="0" uspid="188" ordinal="2" offset="8" sl="50" sc="13" el="50" ec="83" bec="0" bev="0" fileid="3" />
                <SequencePoint vc="0" uspid="189" ordinal="3" offset="30" sl="51" sc="9" el="51" ec="10" bec="0" bev="0" fileid="3" />
              </SequencePoints>
              <BranchPoints />
              <MethodPoint xsi:type="SequencePoint" vc="0" uspid="186" ordinal="0" offset="0" sl="48" sc="9" el="48" ec="10" bec="0" bev="0" fileid="3" />
            </Method>
            <Method visited="false" cyclomaticComplexity="1" nPathComplexity="0" sequenceCoverage="0" branchCoverage="0" crapScore="2" isConstructor="false" isStatic="false" isGetter="false" isSetter="false">
              <Summary numSequencePoints="5" visitedSequencePoints="0" numBranchPoints="1" visitedBranchPoints="0" sequenceCoverage="0" branchCoverage="0" maxCyclomaticComplexity="1" minCyclomaticComplexity="1" maxCrapScore="2" minCrapScore="2" visitedClasses="0" numClasses="0" visitedMethods="0" numMethods="1" />
              <MetadataToken>100663327</MetadataToken>
              <Name>System.Void HomeWork.Tests.MainFormUITest::DrawTriangle()</Name>
              <FileRef uid="3" />
              <SequencePoints>
                <SequencePoint vc="0" uspid="190" ordinal="0" offset="0" sl="55" sc="9" el="55" ec="10" bec="0" bev="0" fileid="3" />
                <SequencePoint vc="0" uspid="191" ordinal="1" offset="1" sl="56" sc="13" el="56" ec="44" bec="0" bev="0" fileid="3" />
                <SequencePoint vc="0" uspid="192" ordinal="2" offset="18" sl="57" sc="13" el="57" ec="63" bec="0" bev="0" fileid="3" />
                <SequencePoint vc="0" uspid="193" ordinal="3" offset="52" sl="58" sc="13" el="58" ec="63" bec="0" bev="0" fileid="3" />
                <SequencePoint vc="0" uspid="194" ordinal="4" offset="89" sl="59" sc="9" el="59" ec="10" bec="0" bev="0" fileid="3" />
              </SequencePoints>
              <BranchPoints />
              <MethodPoint xsi:type="SequencePoint" vc="0" uspid="190" ordinal="0" offset="0" sl="55" sc="9" el="55" ec="10" bec="0" bev="0" fileid="3" />
            </Method>
            <Method visited="false" cyclomaticComplexity="1" nPathComplexity="0" sequenceCoverage="0" branchCoverage="0" crapScore="2" isConstructor="false" isStatic="false" isGetter="false" isSetter="false">
              <Summary numSequencePoints="4" visitedSequencePoints="0" numBranchPoints="1" visitedBranchPoints="0" sequenceCoverage="0" branchCoverage="0" maxCyclomaticComplexity="1" minCyclomaticComplexity="1" maxCrapScore="2" minCrapScore="2" visitedClasses="0" numClasses="0" visitedMethods="0" numMethods="1" />
              <MetadataToken>100663328</MetadataToken>
              <Name>System.Void HomeWork.Tests.MainFormUITest::TestTriangle()</Name>
              <FileRef uid="3" />
              <SequencePoints>
                <SequencePoint vc="0" uspid="195" ordinal="0" offset="0" sl="64" sc="9" el="64" ec="10" bec="0" bev="0" fileid="3" />
                <SequencePoint vc="0" uspid="196" ordinal="1" offset="1" sl="65" sc="13" el="65" ec="28" bec="0" bev="0" fileid="3" />
                <SequencePoint vc="0" uspid="197" ordinal="2" offset="8" sl="66" sc="13" el="66" ec="83" bec="0" bev="0" fileid="3" />
                <SequencePoint vc="0" uspid="198" ordinal="3" offset="30" sl="67" sc="9" el="67" ec="10" bec="0" bev="0" fileid="3" />
              </SequencePoints>
              <BranchPoints />
              <MethodPoint xsi:type="SequencePoint" vc="0" uspid="195" ordinal="0" offset="0" sl="64" sc="9" el="64" ec="10" bec="0" bev="0" fileid="3" />
            </Method>
            <Method visited="false" cyclomaticComplexity="1" nPathComplexity="0" sequenceCoverage="0" branchCoverage="0" crapScore="2" isConstructor="false" isStatic="false" isGetter="false" isSetter="false">
              <Summary numSequencePoints="4" visitedSequencePoints="0" numBranchPoints="1" visitedBranchPoints="0" sequenceCoverage="0" branchCoverage="0" maxCyclomaticComplexity="1" minCyclomaticComplexity="1" maxCrapScore="2" minCrapScore="2" visitedClasses="0" numClasses="0" visitedMethods="0" numMethods="1" />
              <MetadataToken>100663329</MetadataToken>
              <Name>System.Void HomeWork.Tests.MainFormUITest::DrawLine()</Name>
              <FileRef uid="3" />
              <SequencePoints>
                <SequencePoint vc="0" uspid="199" ordinal="0" offset="0" sl="71" sc="9" el="71" ec="10" bec="0" bev="0" fileid="3" />
                <SequencePoint vc="0" uspid="200" ordinal="1" offset="1" sl="72" sc="13" el="72" ec="40" bec="0" bev="0" fileid="3" />
                <SequencePoint vc="0" uspid="201" ordinal="2" offset="18" sl="73" sc="13" el="73" ec="63" bec="0" bev="0" fileid="3" />
                <SequencePoint vc="0" uspid="202" ordinal="3" offset="55" sl="74" sc="9" el="74" ec="10" bec="0" bev="0" fileid="3" />
              </SequencePoints>
              <BranchPoints />
              <MethodPoint xsi:type="SequencePoint" vc="0" uspid="199" ordinal="0" offset="0" sl="71" sc="9" el="71" ec="10" bec="0" bev="0" fileid="3" />
            </Method>
            <Method visited="false" cyclomaticComplexity="1" nPathComplexity="0" sequenceCoverage="0" branchCoverage="0" crapScore="2" isConstructor="false" isStatic="false" isGetter="false" isSetter="false">
              <Summary numSequencePoints="9" visitedSequencePoints="0" numBranchPoints="1" visitedBranchPoints="0" sequenceCoverage="0" branchCoverage="0" maxCyclomaticComplexity="1" minCyclomaticComplexity="1" maxCrapScore="2" minCrapScore="2" visitedClasses="0" numClasses="0" visitedMethods="0" numMethods="1" />
              <MetadataToken>100663330</MetadataToken>
              <Name>System.Void HomeWork.Tests.MainFormUITest::TestLine()</Name>
              <FileRef uid="3" />
              <SequencePoints>
                <SequencePoint vc="0" uspid="203" ordinal="0" offset="0" sl="79" sc="9" el="79" ec="10" bec="0" bev="0" fileid="3" />
                <SequencePoint vc="0" uspid="204" ordinal="1" offset="1" sl="80" sc="13" el="80" ec="29" bec="0" bev="0" fileid="3" />
                <SequencePoint vc="0" uspid="205" ordinal="2" offset="8" sl="81" sc="13" el="81" ec="28" bec="0" bev="0" fileid="3" />
                <SequencePoint vc="0" uspid="206" ordinal="3" offset="15" sl="82" sc="13" el="82" ec="24" bec="0" bev="0" fileid="3" />
                <SequencePoint vc="0" uspid="207" ordinal="4" offset="22" sl="83" sc="13" el="83" ec="63" bec="0" bev="0" fileid="3" />
                <SequencePoint vc="0" uspid="208" ordinal="5" offset="59" sl="84" sc="13" el="84" ec="83" bec="0" bev="0" fileid="3" />
                <SequencePoint vc="0" uspid="209" ordinal="6" offset="81" sl="85" sc="13" el="85" ec="63" bec="0" bev="0" fileid="3" />
                <SequencePoint vc="0" uspid="210" ordinal="7" offset="118" sl="86" sc="13" el="86" ec="83" bec="0" bev="0" fileid="3" />
                <SequencePoint vc="0" uspid="211" ordinal="8" offset="140" sl="87" sc="9" el="87" ec="10" bec="0" bev="0" fileid="3" />
              </SequencePoints>
              <BranchPoints />
              <MethodPoint xsi:type="SequencePoint" vc="0" uspid="203" ordinal="0" offset="0" sl="79" sc="9" el="79" ec="10" bec="0" bev="0" fileid="3" />
            </Method>
            <Method visited="false" cyclomaticComplexity="1" nPathComplexity="0" sequenceCoverage="0" branchCoverage="0" crapScore="2" isConstructor="false" isStatic="false" isGetter="false" isSetter="false">
              <Summary numSequencePoints="3" visitedSequencePoints="0" numBranchPoints="1" visitedBranchPoints="0" sequenceCoverage="0" branchCoverage="0" maxCyclomaticComplexity="1" minCyclomaticComplexity="1" maxCrapScore="2" minCrapScore="2" visitedClasses="0" numClasses="0" visitedMethods="0" numMethods="1" />
              <MetadataToken>100663331</MetadataToken>
              <Name>System.Void HomeWork.Tests.MainFormUITest::RunClear()</Name>
              <FileRef uid="3" />
              <SequencePoints>
                <SequencePoint vc="0" uspid="212" ordinal="0" offset="0" sl="91" sc="9" el="91" ec="10" bec="0" bev="0" fileid="3" />
                <SequencePoint vc="0" uspid="213" ordinal="1" offset="1" sl="92" sc="13" el="92" ec="41" bec="0" bev="0" fileid="3" />
                <SequencePoint vc="0" uspid="214" ordinal="2" offset="18" sl="93" sc="9" el="93" ec="10" bec="0" bev="0" fileid="3" />
              </SequencePoints>
              <BranchPoints />
              <MethodPoint xsi:type="SequencePoint" vc="0" uspid="212" ordinal="0" offset="0" sl="91" sc="9" el="91" ec="10" bec="0" bev="0" fileid="3" />
            </Method>
            <Method visited="false" cyclomaticComplexity="1" nPathComplexity="0" sequenceCoverage="0" branchCoverage="0" crapScore="2" isConstructor="false" isStatic="false" isGetter="false" isSetter="false">
              <Summary numSequencePoints="4" visitedSequencePoints="0" numBranchPoints="1" visitedBranchPoints="0" sequenceCoverage="0" branchCoverage="0" maxCyclomaticComplexity="1" minCyclomaticComplexity="1" maxCrapScore="2" minCrapScore="2" visitedClasses="0" numClasses="0" visitedMethods="0" numMethods="1" />
              <MetadataToken>100663332</MetadataToken>
              <Name>System.Void HomeWork.Tests.MainFormUITest::TestClear()</Name>
              <FileRef uid="3" />
              <SequencePoints>
                <SequencePoint vc="0" uspid="215" ordinal="0" offset="0" sl="98" sc="9" el="98" ec="10" bec="0" bev="0" fileid="3" />
                <SequencePoint vc="0" uspid="216" ordinal="1" offset="1" sl="99" sc="13" el="99" ec="29" bec="0" bev="0" fileid="3" />
                <SequencePoint vc="0" uspid="217" ordinal="2" offset="8" sl="100" sc="13" el="100" ec="24" bec="0" bev="0" fileid="3" />
                <SequencePoint vc="0" uspid="218" ordinal="3" offset="15" sl="101" sc="9" el="101" ec="10" bec="0" bev="0" fileid="3" />
              </SequencePoints>
              <BranchPoints />
              <MethodPoint xsi:type="SequencePoint" vc="0" uspid="215" ordinal="0" offset="0" sl="98" sc="9" el="98" ec="10" bec="0" bev="0" fileid="3" />
            </Method>
            <Method visited="false" cyclomaticComplexity="1" nPathComplexity="0" sequenceCoverage="0" branchCoverage="0" crapScore="2" isConstructor="false" isStatic="false" isGetter="false" isSetter="false">
              <Summary numSequencePoints="3" visitedSequencePoints="0" numBranchPoints="1" visitedBranchPoints="0" sequenceCoverage="0" branchCoverage="0" maxCyclomaticComplexity="1" minCyclomaticComplexity="1" maxCrapScore="2" minCrapScore="2" visitedClasses="0" numClasses="0" visitedMethods="0" numMethods="1" />
              <MetadataToken>100663333</MetadataToken>
              <Name>System.Void HomeWork.Tests.MainFormUITest::RunUndo()</Name>
              <FileRef uid="3" />
              <SequencePoints>
                <SequencePoint vc="0" uspid="219" ordinal="0" offset="0" sl="105" sc="9" el="105" ec="10" bec="0" bev="0" fileid="3" />
                <SequencePoint vc="0" uspid="220" ordinal="1" offset="1" sl="106" sc="13" el="106" ec="40" bec="0" bev="0" fileid="3" />
                <SequencePoint vc="0" uspid="221" ordinal="2" offset="18" sl="107" sc="9" el="107" ec="10" bec="0" bev="0" fileid="3" />
              </SequencePoints>
              <BranchPoints />
              <MethodPoint xsi:type="SequencePoint" vc="0" uspid="219" ordinal="0" offset="0" sl="105" sc="9" el="105" ec="10" bec="0" bev="0" fileid="3" />
            </Method>
            <Method visited="false" cyclomaticComplexity="1" nPathComplexity="0" sequenceCoverage="0" branchCoverage="0" crapScore="2" isConstructor="false" isStatic="false" isGetter="false" isSetter="false">
              <Summary numSequencePoints="3" visitedSequencePoints="0" numBranchPoints="1" visitedBranchPoints="0" sequenceCoverage="0" branchCoverage="0" maxCyclomaticComplexity="1" minCyclomaticComplexity="1" maxCrapScore="2" minCrapScore="2" visitedClasses="0" numClasses="0" visitedMethods="0" numMethods="1" />
              <MetadataToken>100663334</MetadataToken>
              <Name>System.Void HomeWork.Tests.MainFormUITest::RunRedo()</Name>
              <FileRef uid="3" />
              <SequencePoints>
                <SequencePoint vc="0" uspid="222" ordinal="0" offset="0" sl="111" sc="9" el="111" ec="10" bec="0" bev="0" fileid="3" />
                <SequencePoint vc="0" uspid="223" ordinal="1" offset="1" sl="112" sc="13" el="112" ec="40" bec="0" bev="0" fileid="3" />
                <SequencePoint vc="0" uspid="224" ordinal="2" offset="18" sl="113" sc="9" el="113" ec="10" bec="0" bev="0" fileid="3" />
              </SequencePoints>
              <BranchPoints />
              <MethodPoint xsi:type="SequencePoint" vc="0" uspid="222" ordinal="0" offset="0" sl="111" sc="9" el="111" ec="10" bec="0" bev="0" fileid="3" />
            </Method>
            <Method visited="false" cyclomaticComplexity="1" nPathComplexity="0" sequenceCoverage="0" branchCoverage="0" crapScore="2" isConstructor="false" isStatic="false" isGetter="false" isSetter="false">
              <Summary numSequencePoints="14" visitedSequencePoints="0" numBranchPoints="1" visitedBranchPoints="0" sequenceCoverage="0" branchCoverage="0" maxCyclomaticComplexity="1" minCyclomaticComplexity="1" maxCrapScore="2" minCrapScore="2" visitedClasses="0" numClasses="0" visitedMethods="0" numMethods="1" />
              <MetadataToken>100663335</MetadataToken>
              <Name>System.Void HomeWork.Tests.MainFormUITest::TestAll()</Name>
              <FileRef uid="3" />
              <SequencePoints>
                <SequencePoint vc="0" uspid="225" ordinal="0" offset="0" sl="118" sc="9" el="118" ec="10" bec="0" bev="0" fileid="3" />
                <SequencePoint vc="0" uspid="226" ordinal="1" offset="1" sl="119" sc="13" el="119" ec="29" bec="0" bev="0" fileid="3" />
                <SequencePoint vc="0" uspid="227" ordinal="2" offset="8" sl="120" sc="13" el="120" ec="28" bec="0" bev="0" fileid="3" />
                <SequencePoint vc="0" uspid="228" ordinal="3" offset="15" sl="121" sc="13" el="121" ec="24" bec="0" bev="0" fileid="3" />
                <SequencePoint vc="0" uspid="229" ordinal="4" offset="22" sl="122" sc="13" el="122" ec="23" bec="0" bev="0" fileid="3" />
                <SequencePoint vc="0" uspid="230" ordinal="5" offset="29" sl="123" sc="13" el="123" ec="23" bec="0" bev="0" fileid="3" />
                <SequencePoint vc="0" uspid="231" ordinal="6" offset="36" sl="124" sc="13" el="124" ec="23" bec="0" bev="0" fileid="3" />
                <SequencePoint vc="0" uspid="232" ordinal="7" offset="43" sl="125" sc="13" el="125" ec="23" bec="0" bev="0" fileid="3" />
                <SequencePoint vc="0" uspid="233" ordinal="8" offset="50" sl="126" sc="13" el="126" ec="63" bec="0" bev="0" fileid="3" />
                <SequencePoint vc="0" uspid="234" ordinal="9" offset="87" sl="127" sc="13" el="127" ec="83" bec="0" bev="0" fileid="3" />
                <SequencePoint vc="0" uspid="235" ordinal="10" offset="109" sl="128" sc="13" el="128" ec="63" bec="0" bev="0" fileid="3" />
                <SequencePoint vc="0" uspid="236" ordinal="11" offset="146" sl="129" sc="13" el="129" ec="83" bec="0" bev="0" fileid="3" />
                <SequencePoint vc="0" uspid="237" ordinal="12" offset="168" sl="130" sc="13" el="130" ec="24" bec="0" bev="0" fileid="3" />
                <SequencePoint vc="0" uspid="238" ordinal="13" offset="175" sl="131" sc="9" el="131" ec="10" bec="0" bev="0" fileid="3" />
              </SequencePoints>
              <BranchPoints />
              <MethodPoint xsi:type="SequencePoint" vc="0" uspid="225" ordinal="0" offset="0" sl="118" sc="9" el="118" ec="10" bec="0" bev="0" fileid="3" />
            </Method>
            <Method visited="false" cyclomaticComplexity="1" nPathComplexity="0" sequenceCoverage="0" branchCoverage="0" crapScore="2" isConstructor="true" isStatic="false" isGetter="false" isSetter="false">
              <Summary numSequencePoints="0" visitedSequencePoints="0" numBranchPoints="0" visitedBranchPoints="0" sequenceCoverage="0" branchCoverage="0" maxCyclomaticComplexity="1" minCyclomaticComplexity="1" maxCrapScore="2" minCrapScore="2" visitedClasses="0" numClasses="0" visitedMethods="0" numMethods="0" />
              <MetadataToken>100663336</MetadataToken>
              <Name>System.Void HomeWork.Tests.MainFormUITest::.ctor()</Name>
              <SequencePoints />
              <BranchPoints />
              <MethodPoint vc="0" uspid="239" ordinal="0" offset="0" />
            </Method>
          </Methods>
        </Class>
      </Classes>
    </Module>
    <Module hash="25-0D-27-51-D9-DD-77-AD-EA-22-0E-D8-82-E8-B2-79-29-9E-FC-D7">
      <Summary numSequencePoints="849" visitedSequencePoints="115" numBranchPoints="210" visitedBranchPoints="28" sequenceCoverage="13.55" branchCoverage="13.33" maxCyclomaticComplexity="5" minCyclomaticComplexity="1" maxCrapScore="30" minCrapScore="1" visitedClasses="8" numClasses="21" visitedMethods="26" numMethods="135" />
      <ModulePath>C:\Users\user\Desktop\HW\1111_視窗程式\HW8\DrawingModel\DrawingFormTests\bin\Debug\fine-code-coverage\build-output\DrawingForm.exe</ModulePath>
      <ModuleTime>2023-01-12T13:23:28.741664Z</ModuleTime>
      <ModuleName>DrawingForm</ModuleName>
      <Files>
        <File uid="7" fullPath="C:\Users\user\Desktop\HW\1111_視窗程式\HW8\DrawingModel\DrawingForm\View\DoubleBufferedPanel.cs" />
        <File uid="8" fullPath="C:\Users\user\Desktop\HW\1111_視窗程式\HW8\DrawingModel\DrawingForm\View\Form1.Designer.cs" />
        <File uid="9" fullPath="C:\Users\user\Desktop\HW\1111_視窗程式\HW8\DrawingModel\DrawingForm\View\Form1.cs" />
        <File uid="10" fullPath="C:\Users\user\Desktop\HW\1111_視窗程式\HW8\DrawingModel\DrawingForm\Program.cs" />
        <File uid="11" fullPath="C:\Users\user\Desktop\HW\1111_視窗程式\HW8\DrawingModel\DrawingForm\PresentationModel\FormPresentationModel.cs" />
        <File uid="12" fullPath="C:\Users\user\Desktop\HW\1111_視窗程式\HW8\DrawingModel\DrawingForm\View\FormGraphicsAdaptor.cs" />
        <File uid="13" fullPath="C:\Users\user\Desktop\HW\1111_視窗程式\HW8\DrawingModel\DrawingModel\Command\CommandManager.cs" />
        <File uid="14" fullPath="C:\Users\user\Desktop\HW\1111_視窗程式\HW8\DrawingModel\DrawingModel\Command\DrawCommand.cs" />
        <File uid="15" fullPath="C:\Users\user\Desktop\HW\1111_視窗程式\HW8\DrawingModel\DrawingModel\MockIGraphics.cs" />
        <File uid="16" fullPath="C:\Users\user\Desktop\HW\1111_視窗程式\HW8\DrawingModel\DrawingModel\Model.cs" />
        <File uid="17" fullPath="C:\Users\user\Desktop\HW\1111_視窗程式\HW8\DrawingModel\DrawingModel\Shape\Line.cs" />
        <File uid="18" fullPath="C:\Users\user\Desktop\HW\1111_視窗程式\HW8\DrawingModel\DrawingModel\Shape\Rectangle.cs" />
        <File uid="19" fullPath="C:\Users\user\Desktop\HW\1111_視窗程式\HW8\DrawingModel\DrawingModel\Shape\Shape.cs" />
        <File uid="20" fullPath="C:\Users\user\Desktop\HW\1111_視窗程式\HW8\DrawingModel\DrawingModel\Shape\ShapeFactory.cs" />
        <File uid="21" fullPath="C:\Users\user\Desktop\HW\1111_視窗程式\HW8\DrawingModel\DrawingModel\Shape\Triangle.cs" />
        <File uid="22" fullPath="C:\Users\user\Desktop\HW\1111_視窗程式\HW8\DrawingModel\DrawingModel\State\DrawingState.cs" />
        <File uid="23" fullPath="C:\Users\user\Desktop\HW\1111_視窗程式\HW8\DrawingModel\DrawingModel\State\LinkState.cs" />
        <File uid="24" fullPath="C:\Users\user\Desktop\HW\1111_視窗程式\HW8\DrawingModel\DrawingModel\State\PointerState.cs" />
        <File uid="25" fullPath="C:\Users\user\Desktop\HW\1111_視窗程式\HW8\DrawingModel\DrawingModel\GoogleDriveService.cs" />
      </Files>
      <Classes>
        <Class>
          <Summary numSequencePoints="4" visitedSequencePoints="4" numBranchPoints="1" visitedBranchPoints="1" sequenceCoverage="100" branchCoverage="100" maxCyclomaticComplexity="1" minCyclomaticComplexity="1" maxCrapScore="1" minCrapScore="1" visitedClasses="1" numClasses="1" visitedMethods="1" numMethods="1" />
          <FullName>DrawingForm.DoubleBufferedPanel</FullName>
          <Methods>
            <Method visited="true" cyclomaticComplexity="1" nPathComplexity="0" sequenceCoverage="100" branchCoverage="100" crapScore="1" isConstructor="true" isStatic="false" isGetter="false" isSetter="false">
              <Summary numSequencePoints="4" visitedSequencePoints="4" numBranchPoints="1" visitedBranchPoints="1" sequenceCoverage="100" branchCoverage="100" maxCyclomaticComplexity="1" minCyclomaticComplexity="1" maxCrapScore="1" minCrapScore="1" visitedClasses="0" numClasses="0" visitedMethods="1" numMethods="1" />
              <MetadataToken>100663297</MetadataToken>
              <Name>System.Void DrawingForm.DoubleBufferedPanel::.ctor()</Name>
              <FileRef uid="7" />
              <SequencePoints>
                <SequencePoint vc="9" uspid="240" ordinal="0" offset="0" sl="7" sc="9" el="7" ec="37" bec="0" bev="0" fileid="7" />
                <SequencePoint vc="9" uspid="241" ordinal="1" offset="7" sl="8" sc="9" el="8" ec="10" bec="0" bev="0" fileid="7" />
                <SequencePoint vc="9" uspid="242" ordinal="2" offset="8" sl="9" sc="13" el="9" ec="35" bec="0" bev="0" fileid="7" />
                <SequencePoint vc="9" uspid="243" ordinal="3" offset="16" sl="10" sc="9" el="10" ec="10" bec="0" bev="0" fileid="7" />
              </SequencePoints>
              <BranchPoints />
              <MethodPoint xsi:type="SequencePoint" vc="9" uspid="240" ordinal="0" offset="0" sl="7" sc="9" el="7" ec="37" bec="0" bev="0" fileid="7" />
            </Method>
          </Methods>
        </Class>
        <Class>
          <Summary numSequencePoints="214" visitedSequencePoints="0" numBranchPoints="21" visitedBranchPoints="0" sequenceCoverage="0" branchCoverage="0" maxCyclomaticComplexity="3" minCyclomaticComplexity="1" maxCrapScore="12" minCrapScore="2" visitedClasses="0" numClasses="1" visitedMethods="0" numMethods="17" />
          <FullName>DrawingForm.Form1</FullName>
          <Methods>
            <Method visited="false" cyclomaticComplexity="1" nPathComplexity="0" sequenceCoverage="0" branchCoverage="0" crapScore="2" isConstructor="true" isStatic="false" isGetter="false" isSetter="false">
[...]
                <SequencePoint vc="0" uspid="1117" ordinal="3" offset="9" sl="145" sc="17" el="145" ec="57" bec="0" bev="0" fileid="25" />
                <SequencePoint vc="0" uspid="1118" ordinal="4" offset="32" sl="146" sc="13" el="146" ec="14" bec="0" bev="0" fileid="25" />
                <SequencePoint vc="0" uspid="1119" ordinal="5" offset="35" sl="147" sc="13" el="147" ec="40" bec="0" bev="0" fileid="25" />
                <SequencePoint vc="0" uspid="1120" ordinal="6" offset="36" sl="148" sc="13" el="148" ec="14" bec="0" bev="0" fileid="25" />
                <SequencePoint vc="0" uspid="1121" ordinal="7" offset="37" sl="149" sc="17" el="149" ec="33" bec="0" bev="0" fileid="25" />
                <SequencePoint vc="0" uspid="1122" ordinal="8" offset="39" sl="151" sc="9" el="151" ec="10" bec="0" bev="0" fileid="25" />
              </SequencePoints>
              <BranchPoints />
              <MethodPoint xsi:type="SequencePoint" vc="0" uspid="1114" ordinal="0" offset="0" sl="141" sc="9" el="141" ec="10" bec="0" bev="0" fileid="25" />
            </Method>
            <Method visited="false" cyclomaticComplexity="1" nPathComplexity="0" sequenceCoverage="0" branchCoverage="0" crapScore="2" isConstructor="false" isStatic="false" isGetter="false" isSetter="false">
              <Summary numSequencePoints="13" visitedSequencePoints="0" numBranchPoints="1" visitedBranchPoints="0" sequenceCoverage="0" branchCoverage="0" maxCyclomaticComplexity="1" minCyclomaticComplexity="1" maxCrapScore="2" minCrapScore="2" visitedClasses="0" numClasses="0" visitedMethods="0" numMethods="1" />
              <MetadataToken>100663455</MetadataToken>
              <Name>System.Void DrawingModel.GoogleDrive.GoogleDriveService::CreateFile(System.String,System.String,System.String)</Name>
              <FileRef uid="25" />
              <SequencePoints>
                <SequencePoint vc="0" uspid="1123" ordinal="0" offset="0" sl="155" sc="9" el="155" ec="10" bec="0" bev="0" fileid="25" />
                <SequencePoint vc="0" uspid="1124" ordinal="1" offset="1" sl="156" sc="13" el="156" ec="40" bec="0" bev="0" fileid="25" />
                <SequencePoint vc="0" uspid="1125" ordinal="2" offset="8" sl="158" sc="13" el="158" ec="14" bec="0" bev="0" fileid="25" />
                <SequencePoint vc="0" uspid="1126" ordinal="3" offset="9" sl="159" sc="17" el="159" ec="92" bec="0" bev="0" fileid="25" />
                <SequencePoint vc="0" uspid="1127" ordinal="4" offset="26" sl="160" sc="17" el="163" ec="19" bec="0" bev="0" fileid="25" />
                <SequencePoint vc="0" uspid="1128" ordinal="5" offset="40" sl="164" sc="17" el="164" ec="122" bec="0" bev="0" fileid="25" />
                <SequencePoint vc="0" uspid="1129" ordinal="6" offset="60" sl="165" sc="17" el="165" ec="97" bec="0" bev="0" fileid="25" />
                <SequencePoint vc="0" uspid="1130" ordinal="7" offset="72" sl="166" sc="17" el="166" ec="40" bec="0" bev="0" fileid="25" />
                <SequencePoint vc="0" uspid="1131" ordinal="8" offset="79" sl="167" sc="13" el="167" ec="14" bec="0" bev="0" fileid="25" />
                <SequencePoint vc="0" uspid="1132" ordinal="9" offset="82" sl="168" sc="13" el="168" ec="40" bec="0" bev="0" fileid="25" />
                <SequencePoint vc="0" uspid="1133" ordinal="10" offset="83" sl="169" sc="13" el="169" ec="14" bec="0" bev="0" fileid="25" />
                <SequencePoint vc="0" uspid="1134" ordinal="11" offset="84" sl="170" sc="17" el="170" ec="33" bec="0" bev="0" fileid="25" />
                <SequencePoint vc="0" uspid="1135" ordinal="12" offset="86" sl="172" sc="9" el="172" ec="10" bec="0" bev="0" fileid="25" />
              </SequencePoints>
              <BranchPoints />
              <MethodPoint xsi:type="SequencePoint" vc="0" uspid="1123" ordinal="0" offset="0" sl="155" sc="9" el="155" ec="10" bec="0" bev="0" fileid="25" />
            </Method>
            <Method visited="false" cyclomaticComplexity="3" nPathComplexity="2" sequenceCoverage="0" branchCoverage="0" crapScore="12" isConstructor="false" isStatic="false" isGetter="false" isSetter="false">
              <Summary numSequencePoints="13" visitedSequencePoints="0" numBranchPoints="3" visitedBranchPoints="0" sequenceCoverage="0" branchCoverage="0" maxCyclomaticComplexity="3" minCyclomaticComplexity="3" maxCrapScore="12" minCrapScore="12" visitedClasses="0" numClasses="0" visitedMethods="0" numMethods="1" />
              <MetadataToken>100663456</MetadataToken>
              <Name>System.Void DrawingModel.GoogleDrive.GoogleDriveService::UploadFile(System.String,System.String,System.String)</Name>
              <FileRef uid="25" />
              <SequencePoints>
                <SequencePoint vc="0" uspid="1136" ordinal="0" offset="13" sl="176" sc="9" el="176" ec="10" bec="0" bev="0" fileid="25" />
                <SequencePoint vc="0" uspid="1137" ordinal="1" offset="14" sl="177" sc="13" el="177" ec="57" bec="0" bev="0" fileid="25" />
                <SequencePoint vc="0" uspid="1138" ordinal="2" offset="21" sl="178" sc="13" el="181" ec="16" bec="0" bev="0" fileid="25" />
                <SequencePoint vc="0" uspid="1139" ordinal="3" offset="40" sl="182" sc="13" el="182" ec="38" bec="2" bev="0" fileid="25" />
                <SequencePoint vc="0" uspid="1140" ordinal="4" offset="53" sl="183" sc="13" el="183" ec="14" bec="0" bev="0" fileid="25" />
                <SequencePoint vc="0" uspid="1141" ordinal="5" offset="54" sl="184" sc="17" el="184" ec="24" bec="0" bev="0" fileid="25" />
                <SequencePoint vc="0" uspid="1142" ordinal="6" offset="55" sl="184" sc="38" el="184" ec="48" bec="0" bev="0" fileid="25" />
                <SequencePoint vc="0" uspid="1143" ordinal="7" offset="65" sl="184" sc="26" el="184" ec="34" bec="0" bev="0" fileid="25" />
                <SequencePoint vc="0" uspid="1144" ordinal="8" offset="74" sl="185" sc="21" el="185" ec="41" bec="0" bev="0" fileid="25" />
                <SequencePoint vc="0" uspid="1145" ordinal="9" offset="88" sl="184" sc="35" el="184" ec="37" bec="0" bev="0" fileid="25" />
                <SequencePoint vc="0" uspid="1146" ordinal="10" offset="114" sl="186" sc="13" el="186" ec="14" bec="0" bev="0" fileid="25" />
                <SequencePoint vc="0" uspid="1147" ordinal="11" offset="115" sl="187" sc="13" el="187" ec="56" bec="0" bev="0" fileid="25" />
                <SequencePoint vc="0" uspid="1148" ordinal="12" offset="130" sl="188" sc="9" el="188" ec="10" bec="0" bev="0" fileid="25" />
              </SequencePoints>
              <BranchPoints>
                <BranchPoint vc="0" uspid="1149" ordinal="0" offset="51" sl="182" path="0" offsetend="53" fileid="25" />
                <BranchPoint vc="0" uspid="1150" ordinal="1" offset="51" sl="182" path="1" offsetend="115" fileid="25" />
              </BranchPoints>
              <MethodPoint vc="0" uspid="1153" ordinal="0" offset="0" />
            </Method>
            <Method visited="false" cyclomaticComplexity="2" nPathComplexity="2" sequenceCoverage="0" branchCoverage="0" crapScore="6" isConstructor="false" isStatic="false" isGetter="false" isSetter="false">
              <Summary numSequencePoints="12" visitedSequencePoints="0" numBranchPoints="3" visitedBranchPoints="0" sequenceCoverage="0" branchCoverage="0" maxCyclomaticComplexity="2" minCyclomaticComplexity="2" maxCrapScore="6" minCrapScore="6" visitedClasses="0" numClasses="0" visitedMethods="0" numMethods="1" />
              <MetadataToken>100663457</MetadataToken>
              <Name>System.String DrawingModel.GoogleDrive.GoogleDriveService::ReadFile(System.String)</Name>
              <FileRef uid="25" />
              <SequencePoints>
                <SequencePoint vc="0" uspid="1154" ordinal="0" offset="13" sl="192" sc="9" el="192" ec="10" bec="0" bev="0" fileid="25" />
                <SequencePoint vc="0" uspid="1155" ordinal="1" offset="14" sl="194" sc="13" el="197" ec="16" bec="0" bev="0" fileid="25" />
                <SequencePoint vc="0" uspid="1156" ordinal="2" offset="38" sl="198" sc="13" el="198" ec="39" bec="2" bev="0" fileid="25" />
                <SequencePoint vc="0" uspid="1157" ordinal="3" offset="54" sl="199" sc="17" el="199" ec="56" bec="0" bev="0" fileid="25" />
                <SequencePoint vc="0" uspid="1158" ordinal="4" offset="65" sl="200" sc="13" el="200" ec="48" bec="0" bev="0" fileid="25" />
                <SequencePoint vc="0" uspid="1159" ordinal="5" offset="73" sl="202" sc="13" el="202" ec="14" bec="0" bev="0" fileid="25" />
                <SequencePoint vc="0" uspid="1160" ordinal="6" offset="74" sl="203" sc="17" el="203" ec="111" bec="0" bev="0" fileid="25" />
                <SequencePoint vc="0" uspid="1161" ordinal="7" offset="98" sl="204" sc="17" el="204" ec="72" bec="0" bev="0" fileid="25" />
                <SequencePoint vc="0" uspid="1162" ordinal="8" offset="119" sl="206" sc="13" el="206" ec="40" bec="0" bev="0" fileid="25" />
                <SequencePoint vc="0" uspid="1163" ordinal="9" offset="121" sl="207" sc="13" el="207" ec="14" bec="0" bev="0" fileid="25" />
                <SequencePoint vc="0" uspid="1164" ordinal="10" offset="122" sl="208" sc="17" el="208" ec="33" bec="0" bev="0" fileid="25" />
                <SequencePoint vc="0" uspid="1165" ordinal="11" offset="125" sl="210" sc="9" el="210" ec="10" bec="0" bev="0" fileid="25" />
              </SequencePoints>
              <BranchPoints>
                <BranchPoint vc="0" uspid="1166" ordinal="0" offset="52" sl="198" path="0" offsetend="54" fileid="25" />
                <BranchPoint vc="0" uspid="1167" ordinal="1" offset="52" sl="198" path="1" offsetend="65" fileid="25" />
              </BranchPoints>
              <MethodPoint vc="0" uspid="1168" ordinal="0" offset="0" />
            </Method>
            <Method visited="false" cyclomaticComplexity="1" nPathComplexity="0" sequenceCoverage="0" branchCoverage="0" crapScore="2" isConstructor="false" isStatic="false" isGetter="false" isSetter="false">
              <Summary numSequencePoints="4" visitedSequencePoints="0" numBranchPoints="1" visitedBranchPoints="0" sequenceCoverage="0" branchCoverage="0" maxCyclomaticComplexity="1" minCyclomaticComplexity="1" maxCrapScore="2" minCrapScore="2" visitedClasses="0" numClasses="0" visitedMethods="0" numMethods="1" />
              <MetadataToken>100663458</MetadataToken>
              <Name>System.Boolean DrawingModel.GoogleDrive.GoogleDriveService::IsContain(System.String)</Name>
              <FileRef uid="25" />
              <SequencePoints>
                <SequencePoint vc="0" uspid="1169" ordinal="0" offset="13" sl="214" sc="9" el="214" ec="10" bec="0" bev="0" fileid="25" />
                <SequencePoint vc="0" uspid="1170" ordinal="1" offset="14" sl="215" sc="13" el="218" ec="16" bec="0" bev="0" fileid="25" />
                <SequencePoint vc="0" uspid="1171" ordinal="2" offset="38" sl="219" sc="13" el="219" ec="38" bec="0" bev="0" fileid="25" />
                <SequencePoint vc="0" uspid="1172" ordinal="3" offset="45" sl="220" sc="9" el="220" ec="10" bec="0" bev="0" fileid="25" />
              </SequencePoints>
              <BranchPoints />
              <MethodPoint vc="0" uspid="1173" ordinal="0" offset="0" />
            </Method>
          </Methods>
        </Class>
        <Class>
          <Summary numSequencePoints="3" visitedSequencePoints="0" numBranchPoints="1" visitedBranchPoints="0" sequenceCoverage="0" branchCoverage="0" maxCyclomaticComplexity="1" minCyclomaticComplexity="1" maxCrapScore="2" minCrapScore="2" visitedClasses="0" numClasses="1" visitedMethods="0" numMethods="1" />
          <FullName>DrawingModel.GoogleDrive.GoogleDriveService/&lt;&gt;c__DisplayClass17_0</FullName>
          <Methods>
            <Method visited="false" cyclomaticComplexity="1" nPathComplexity="0" sequenceCoverage="0" branchCoverage="0" crapScore="2" isConstructor="true" isStatic="false" isGetter="false" isSetter="false">
              <Summary numSequencePoints="0" visitedSequencePoints="0" numBranchPoints="0" visitedBranchPoints="0" sequenceCoverage="0" branchCoverage="0" maxCyclomaticComplexity="1" minCyclomaticComplexity="1" maxCrapScore="2" minCrapScore="2" visitedClasses="0" numClasses="0" visitedMethods="0" numMethods="0" />
              <MetadataToken>100663463</MetadataToken>
              <Name>System.Void DrawingModel.GoogleDrive.GoogleDriveService/&lt;&gt;c__DisplayClass17_0::.ctor()</Name>
              <SequencePoints />
              <BranchPoints />
              <MethodPoint vc="0" uspid="1174" ordinal="0" offset="0" />
            </Method>
            <Method visited="false" cyclomaticComplexity="1" nPathComplexity="0" sequenceCoverage="0" branchCoverage="0" crapScore="2" isConstructor="false" isStatic="false" isGetter="false" isSetter="false">
              <Summary numSequencePoints="3" visitedSequencePoints="0" numBranchPoints="1" visitedBranchPoints="0" sequenceCoverage="0" branchCoverage="0" maxCyclomaticComplexity="1" minCyclomaticComplexity="1" maxCrapScore="2" minCrapScore="2" visitedClasses="0" numClasses="0" visitedMethods="0" numMethods="1" />
              <MetadataToken>100663464</MetadataToken>
              <Name>System.Boolean DrawingModel.GoogleDrive.GoogleDriveService/&lt;&gt;c__DisplayClass17_0::&lt;UploadFile&gt;b__0(Google.Apis.Drive.v2.Data.File)</Name>
              <FileRef uid="25" />
              <SequencePoints>
                <SequencePoint vc="0" uspid="1175" ordinal="0" offset="0" sl="179" sc="13" el="179" ec="14" bec="0" bev="0" fileid="25" />
                <SequencePoint vc="0" uspid="1176" ordinal="1" offset="1" sl="180" sc="17" el="180" ec="47" bec="0" bev="0" fileid="25" />
                <SequencePoint vc="0" uspid="1177" ordinal="2" offset="21" sl="181" sc="13" el="181" ec="14" bec="0" bev="0" fileid="25" />
              </SequencePoints>
              <BranchPoints />
              <MethodPoint xsi:type="SequencePoint" vc="0" uspid="1175" ordinal="0" offset="0" sl="179" sc="13" el="179" ec="14" bec="0" bev="0" fileid="25" />
            </Method>
          </Methods>
        </Class>
        <Class>
          <Summary numSequencePoints="3" visitedSequencePoints="0" numBranchPoints="1" visitedBranchPoints="0" sequenceCoverage="0" branchCoverage="0" maxCyclomaticComplexity="1" minCyclomaticComplexity="1" maxCrapScore="2" minCrapScore="2" visitedClasses="0" numClasses="1" visitedMethods="0" numMethods="1" />
          <FullName>DrawingModel.GoogleDrive.GoogleDriveService/&lt;&gt;c__DisplayClass18_0</FullName>
          <Methods>
            <Method visited="false" cyclomaticComplexity="1" nPathComplexity="0" sequenceCoverage="0" branchCoverage="0" crapScore="2" isConstructor="true" isStatic="false" isGetter="false" isSetter="false">
              <Summary numSequencePoints="0" visitedSequencePoints="0" numBranchPoints="0" visitedBranchPoints="0" sequenceCoverage="0" branchCoverage="0" maxCyclomaticComplexity="1" minCyclomaticComplexity="1" maxCrapScore="2" minCrapScore="2" visitedClasses="0" numClasses="0" visitedMethods="0" numMethods="0" />
              <MetadataToken>100663465</MetadataToken>
              <Name>System.Void DrawingModel.GoogleDrive.GoogleDriveService/&lt;&gt;c__DisplayClass18_0::.ctor()</Name>
              <SequencePoints />
              <BranchPoints />
              <MethodPoint vc="0" uspid="1178" ordinal="0" offset="0" />
            </Method>
            <Method visited="false" cyclomaticComplexity="1" nPathComplexity="0" sequenceCoverage="0" branchCoverage="0" crapScore="2" isConstructor="false" isStatic="false" isGetter="false" isSetter="false">
              <Summary numSequencePoints="3" visitedSequencePoints="0" numBranchPoints="1" visitedBranchPoints="0" sequenceCoverage="0" branchCoverage="0" maxCyclomaticComplexity="1" minCyclomaticComplexity="1" maxCrapScore="2" minCrapScore="2" visitedClasses="0" numClasses="0" visitedMethods="0" numMethods="1" />
              <MetadataToken>100663466</MetadataToken>
              <Name>System.Boolean DrawingModel.GoogleDrive.GoogleDriveService/&lt;&gt;c__DisplayClass18_0::&lt;ReadFile&gt;b__0(Google.Apis.Drive.v2.Data.File)</Name>
              <FileRef uid="25" />
              <SequencePoints>
                <SequencePoint vc="0" uspid="1179" ordinal="0" offset="0" sl="195" sc="13" el="195" ec="14" bec="0" bev="0" fileid="25" />
                <SequencePoint vc="0" uspid="1180" ordinal="1" offset="1" sl="196" sc="17" el="196" ec="47" bec="0" bev="0" fileid="25" />
                <SequencePoint vc="0" uspid="1181" ordinal="2" offset="21" sl="197" sc="13" el="197" ec="14" bec="0" bev="0" fileid="25" />
              </SequencePoints>
              <BranchPoints />
              <MethodPoint xsi:type="SequencePoint" vc="0" uspid="1179" ordinal="0" offset="0" sl="195" sc="13" el="195" ec="14" bec="0" bev="0" fileid="25" />
            </Method>
          </Methods>
        </Class>
        <Class>
          <Summary numSequencePoints="3" visitedSequencePoints="0" numBranchPoints="1" visitedBranchPoints="0" sequenceCoverage="0" branchCoverage="0" maxCyclomaticComplexity="1" minCyclomaticComplexity="1" maxCrapScore="2" minCrapScore="2" visitedClasses="0" numClasses="1" visitedMethods="0" numMethods="1" />
          <FullName>DrawingModel.GoogleDrive.GoogleDriveService/&lt;&gt;c__DisplayClass19_0</FullName>
          <Methods>
            <Method visited="false" cyclomaticComplexity="1" nPathComplexity="0" sequenceCoverage="0" branchCoverage="0" crapScore="2" isConstructor="true" isStatic="false" isGetter="false" isSetter="false">
              <Summary numSequencePoints="0" visitedSequencePoints="0" numBranchPoints="0" visitedBranchPoints="0" sequenceCoverage="0" branchCoverage="0" maxCyclomaticComplexity="1" minCyclomaticComplexity="1" maxCrapScore="2" minCrapScore="2" visitedClasses="0" numClasses="0" visitedMethods="0" numMethods="0" />
              <MetadataToken>100663467</MetadataToken>
              <Name>System.Void DrawingModel.GoogleDrive.GoogleDriveService/&lt;&gt;c__DisplayClass19_0::.ctor()</Name>
              <SequencePoints />
              <BranchPoints />
              <MethodPoint vc="0" uspid="1182" ordinal="0" offset="0" />
            </Method>
            <Method visited="false" cyclomaticComplexity="1" nPathComplexity="0" sequenceCoverage="0" branchCoverage="0" crapScore="2" isConstructor="false" isStatic="false" isGetter="false" isSetter="false">
              <Summary numSequencePoints="3" visitedSequencePoints="0" numBranchPoints="1" visitedBranchPoints="0" sequenceCoverage="0" branchCoverage="0" maxCyclomaticComplexity="1" minCyclomaticComplexity="1" maxCrapScore="2" minCrapScore="2" visitedClasses="0" numClasses="0" visitedMethods="0" numMethods="1" />
              <MetadataToken>100663468</MetadataToken>
              <Name>System.Boolean DrawingModel.GoogleDrive.GoogleDriveService/&lt;&gt;c__DisplayClass19_0::&lt;IsContain&gt;b__0(Google.Apis.Drive.v2.Data.File)</Name>
              <FileRef uid="25" />
              <SequencePoints>
                <SequencePoint vc="0" uspid="1183" ordinal="0" offset="0" sl="216" sc="13" el="216" ec="14" bec="0" bev="0" fileid="25" />
                <SequencePoint vc="0" uspid="1184" ordinal="1" offset="1" sl="217" sc="17" el="217" ec="47" bec="0" bev="0" fileid="25" />
                <SequencePoint vc="0" uspid="1185" ordinal="2" offset="21" sl="218" sc="13" el="218" ec="14" bec="0" bev="0" fileid="25" />
              </SequencePoints>
              <BranchPoints />
              <MethodPoint xsi:type="SequencePoint" vc="0" uspid="1183" ordinal="0" offset="0" sl="216" sc="13" el="216" ec="14" bec="0" bev="0" fileid="25" />
            </Method>
          </Methods>
        </Class>
      </Classes>
    </Module>
  </Modules>
</CoverageSession>