<?xml version="1.0" encoding="utf-8"?>
<!DOCTYPE coverage SYSTEM "http://cobertura.sourceforge.net/xml/coverage-04.dtd">
<coverage line-rate="0.778135048231511" branch-rate="0.671641791044776" lines-covered="484" lines-valid="622" branches-covered="45" branches-valid="67" complexity="127" version="0" timestamp="1673559164">
  <sources />
  <packages>
    <package name="DrawingModel" line-rate="0.716049382716049" branch-rate="0.661538461538462" complexity="104">
      <classes>
        <class name="DrawingModel.CommandManager" filename="C:\Users\user\Desktop\HW\1111_視窗程式\HW8\DrawingModel\DrawingModel\Command\CommandManager.cs" line-rate="0.935483870967742" branch-rate="0.5" complexity="6">
          <methods>
            <method name="IsUndoEnable" signature="()" line-rate="1" branch-rate="1" complexity="NaN">
              <lines>
                <line number="54" hits="1" branch="false" />
                <line number="55" hits="1" branch="false" />
                <line number="56" hits="1" branch="false" />
              </lines>
            </method>
            <method name="IsRedoEnable" signature="()" line-rate="1" branch-rate="1" complexity="NaN">
              <lines>
                <line number="62" hits="1" branch="false" />
                <line number="63" hits="1" branch="false" />
                <line number="64" hits="1" branch="false" />
              </lines>
            </method>
            <method name="Execute" signature="(DrawingModel.ICommand)" line-rate="1" branch-rate="1" complexity="NaN">
              <lines>
                <line number="18" hits="7" branch="false" />
                <line number="19" hits="7" branch="false" />
                <line number="20" hits="7" branch="false" />
                <line number="21" hits="7" branch="false" />
                <line number="22" hits="7" branch="false" />
              </lines>
            </method>
            <method name="Undo" signature="()" line-rate="0.857142857142857" branch-rate="0.5" complexity="2">
              <lines>
                <line number="26" hits="2" branch="false" />
                <line number="27" hits="2" branch="true" condition-coverage="50% (1/2)" />
                <line number="28" hits="0" branch="false" />
                <line number="29" hits="2" branch="false" />
                <line number="30" hits="2" branch="false" />
                <line number="31" hits="2" branch="false" />
                <line number="32" hits="2" branch="false" />
              </lines>
            </method>
            <method name="Redo" signature="()" line-rate="0.857142857142857" branch-rate="0.5" complexity="2">
              <lines>
                <line number="36" hits="1" branch="false" />
                <line number="37" hits="1" branch="true" condition-coverage="50% (1/2)" />
                <line number="38" hits="0" branch="false" />
                <line number="39" hits="1" branch="false" />
                <line number="40" hits="1" branch="false" />
                <line number="41" hits="1" branch="false" />
                <line number="42" hits="1" branch="false" />
              </lines>
            </method>
            <method name="Clear" signature="()" line-rate="1" branch-rate="1" complexity="1">
              <lines>
                <line number="46" hits="1" branch="false" />
                <line number="47" hits="1" branch="false" />
                <line number="48" hits="1" branch="false" />
                <line number="49" hits="1" branch="false" />
              </lines>
            </method>
            <method name=".ctor" signature="()" line-rate="1" branch-rate="1" complexity="1">
              <lines>
                <line number="13" hits="9" branch="false" />
                <line number="14" hits="9" branch="false" />
              </lines>
            </method>
          </methods>
          <lines>
            <line number="13" hits="9" branch="false" />
            <line number="14" hits="9" branch="false" />
            <line number="18" hits="7" branch="false" />
            <line number="19" hits="7" branch="false" />
            <line number="20" hits="7" branch="false" />
            <line number="21" hits="7" branch="false" />
            <line number="22" hits="7" branch="false" />
            <line number="26" hits="2" branch="false" />
            <line number="27" hits="2" branch="true" condition-coverage="50% (1/2)" />
            <line number="28" hits="0" branch="false" />
            <line number="29" hits="2" branch="false" />
            <line number="30" hits="2" branch="false" />
            <line number="31" hits="2" branch="false" />
            <line number="32" hits="2" branch="false" />
            <line number="36" hits="1" branch="false" />
            <line number="37" hits="1" branch="true" condition-coverage="50% (1/2)" />
            <line number="38" hits="0" branch="false" />
            <line number="39" hits="1" branch="false" />
            <line number="40" hits="1" branch="false" />
            <line number="41" hits="1" branch="false" />
            <line number="42" hits="1" branch="false" />
            <line number="46" hits="1" branch="false" />
            <line number="47" hits="1" branch="false" />
            <line number="48" hits="1" branch="false" />
            <line number="49" hits="1" branch="false" />
            <line number="54" hits="1" branch="false" />
            <line number="55" hits="1" branch="false" />
            <line number="56" hits="1" branch="false" />
            <line number="62" hits="1" branch="false" />
            <line number="63" hits="1" branch="false" />
            <line number="64" hits="1" branch="false" />
          </lines>
        </class>
        <class name="DrawingModel.DrawCommand" filename="C:\Users\user\Desktop\HW\1111_視窗程式\HW8\DrawingModel\DrawingModel\Command\DrawCommand.cs" line-rate="1" branch-rate="1" complexity="2">
          <methods>
            <method name=".ctor" signature="(DrawingModel.Model,DrawingModel.Shape)" line-rate="1" branch-rate="1" complexity="NaN">
              <lines>
                <line number="14" hits="7" branch="false" />
                <line number="15" hits="7" branch="false" />
                <line number="16" hits="7" branch="false" />
                <line number="17" hits="7" branch="false" />
                <line number="18" hits="7" branch="false" />
              </lines>
            </method>
            <method name="DrawShape" signature="()" line-rate="1" branch-rate="1" complexity="1">
              <lines>
                <line number="22" hits="8" branch="false" />
                <line number="23" hits="8" branch="false" />
                <line number="24" hits="8" branch="false" />
              </lines>
            </method>
            <method name="DeleteShape" signature="()" line-rate="1" branch-rate="1" complexity="1">
              <lines>
                <line number="28" hits="2" branch="false" />
                <line number="29" hits="2" branch="false" />
                <line number="30" hits="2" branch="false" />
              </lines>
            </method>
          </methods>
          <lines>
            <line number="14" hits="7" branch="false" />
            <line number="15" hits="7" branch="false" />
            <line number="16" hits="7" branch="false" />
            <line number="17" hits="7" branch="false" />
            <line number="18" hits="7" branch="false" />
            <line number="22" hits="8" branch="false" />
            <line number="23" hits="8" branch="false" />
            <line number="24" hits="8" branch="false" />
            <line number="28" hits="2" branch="false" />
            <line number="29" hits="2" branch="false" />
            <line number="30" hits="2" branch="false" />
          </lines>
        </class>
        <class name="DrawingModel.GoogleDrive.GoogleDriveService" filename="C:\Users\user\Desktop\HW\1111_視窗程式\HW8\DrawingModel\DrawingModel\GoogleDriveService.cs" line-rate="0" branch-rate="0" complexity="3">
          <methods>
            <method name="UNIXNowTimeStamp" signature="()" line-rate="0" branch-rate="1" complexity="NaN">
              <lines>
                <line number="70" hits="0" branch="false" />
                <line number="72" hits="0" branch="false" />
                <line number="73" hits="0" branch="false" />
                <line number="74" hits="0" branch="false" />
              </lines>
            </method>
            <method name=".ctor" signature="(System.String,System.String)" line-rate="0" branch-rate="1" complexity="NaN">
              <lines>
                <line number="21" hits="0" branch="false" />
                <line number="35" hits="0" branch="false" />
                <line number="36" hits="0" branch="false" />
                <line number="37" hits="0" branch="false" />
                <line number="38" hits="0" branch="false" />
                <line number="39" hits="0" branch="false" />
                <line number="40" hits="0" branch="false" />
              </lines>
            </method>
            <method name="CreateNewService" signature="(System.String,System.String)" line-rate="0" branch-rate="1" complexity="NaN">
              <lines>
                <line number="44" hits="0" branch="false" />
                <line number="48" hits="0" branch="false" />
                <line number="49" hits="0" branch="false" />
                <line number="50" hits="0" branch="false" />
                <line number="51" hits="0" branch="false" />
                <line number="52" hits="0" branch="false" />
                <line number="53" hits="0" branch="false" />
                <line number="55" hits="0" branch="false" />
                <line number="56" hits="0" branch="false" />
                <line number="57" hits="0" branch="false" />
                <line number="58" hits="0" branch="false" />
                <line number="59" hits="0" branch="false" />
                <line number="61" hits="0" branch="false" />
                <line number="62" hits="0" branch="false" />
                <line number="63" hits="0" branch="false" />
                <line number="64" hits="0" branch="false" />
                <line number="65" hits="0" branch="false" />
              </lines>
            </method>
            <method name="CheckCredentialTimeStamp" signature="()" line-rate="0" branch-rate="0" complexity="2">
              <lines>
                <line number="79" hits="0" branch="false" />
                <line number="81" hits="0" branch="false" />
                <line number="83" hits="0" branch="true" condition-coverage="0% (0/2)" />
                <line number="84" hits="0" branch="false" />
                <line number="85" hits="0" branch="false" />
              </lines>
            </method>
            <method name="ListRootFileAndFolder" signature="()" line-rate="0" branch-rate="1" complexity="1">
              <lines>
                <line number="92" hits="0" branch="false" />
                <line number="93" hits="0" branch="false" />
                <line number="97" hits="0" branch="false" />
                <line number="98" hits="0" branch="false" />
                <line number="99" hits="0" branch="false" />
                <line number="100" hits="0" branch="false" />
                <line number="101" hits="0" branch="false" />
                <line number="102" hits="0" branch="false" />
                <line number="105" hits="0" branch="false" />
                <line number="106" hits="0" branch="false" />
              </lines>
            </method>
            <method name="ListFileAndFolderWithQueryString" signature="(System.String)" line-rate="0" branch-rate="0" complexity="NaN">
              <lines>
                <line number="114" hits="0" branch="false" />
                <line number="115" hits="0" branch="false" />
                <line number="116" hits="0" branch="false" />
                <line number="117" hits="0" branch="false" />
                <line number="118" hits="0" branch="false" />
                <line number="120" hits="0" branch="false" />
                <line number="122" hits="0" branch="false" />
                <line number="123" hits="0" branch="false" />
                <line number="124" hits="0" branch="false" />
                <line number="125" hits="0" branch="false" />
                <line number="126" hits="0" branch="false" />
                <line number="127" hits="0" branch="false" />
                <line number="128" hits="0" branch="false" />
                <line number="129" hits="0" branch="false" />
                <line number="130" hits="0" branch="false" />
                <line number="132" hits="0" branch="true" condition-coverage="0% (0/2)" />
                <line number="133" hits="0" branch="false" />
                <line number="134" hits="0" branch="false" />
              </lines>
            </method>
            <method name="DeleteFile" signature="(System.String)" line-rate="0" branch-rate="1" complexity="NaN">
              <lines>
                <line number="141" hits="0" branch="false" />
                <line number="142" hits="0" branch="false" />
                <line number="144" hits="0" branch="false" />
                <line number="145" hits="0" branch="false" />
                <line number="146" hits="0" branch="false" />
                <line number="147" hits="0" branch="false" />
                <line number="148" hits="0" branch="false" />
                <line number="149" hits="0" branch="false" />
                <line number="151" hits="0" branch="false" />
              </lines>
            </method>
            <method name="CreateFile" signature="(System.String,System.String,System.String)" line-rate="0" branch-rate="1" complexity="NaN">
              <lines>
                <line number="155" hits="0" branch="false" />
                <line number="156" hits="0" branch="false" />
                <line number="158" hits="0" branch="false" />
                <line number="159" hits="0" branch="false" />
                <line number="160" hits="0" branch="false" />
                <line number="161" hits="0" branch="false" />
                <line number="162" hits="0" branch="false" />
                <line number="163" hits="0" branch="false" />
                <line number="164" hits="0" branch="false" />
                <line number="165" hits="0" branch="false" />
                <line number="166" hits="0" branch="false" />
                <line number="167" hits="0" branch="false" />
                <line number="168" hits="0" branch="false" />
                <line number="169" hits="0" branch="false" />
                <line number="170" hits="0" branch="false" />
                <line number="172" hits="0" branch="false" />
              </lines>
            </method>
            <method name="UploadFile" signature="(System.String,System.String,System.String)" line-rate="0" branch-rate="0" complexity="NaN">
              <lines>
                <line number="176" hits="0" branch="false" />
                <line number="177" hits="0" branch="false" />
                <line number="178" hits="0" branch="false" />
                <line number="179" hits="0" branch="false" />
                <line number="180" hits="0" branch="false" />
                <line number="181" hits="0" branch="false" />
                <line number="182" hits="0" branch="true" condition-coverage="0% (0/2)" />
                <line number="183" hits="0" branch="false" />
                <line number="184" hits="0" branch="false" />
                <line number="185" hits="0" branch="false" />
                <line number="186" hits="0" branch="false" />
                <line number="187" hits="0" branch="false" />
                <line number="188" hits="0" branch="false" />
              </lines>
            </method>
            <method name="ReadFile" signature="(System.String)" line-rate="0" branch-rate="0" complexity="NaN">
              <lines>
                <line number="192" hits="0" branch="false" />
                <line number="194" hits="0" branch="false" />
                <line number="195" hits="0" branch="false" />
                <line number="196" hits="0" branch="false" />
                <line number="197" hits="0" branch="false" />
                <line number="198" hits="0" branch="true" condition-coverage="0% (0/2)" />
                <line number="199" hits="0" branch="false" />
                <line number="200" hits="0" branch="false" />
                <line number="202" hits="0" branch="false" />
                <line number="203" hits="0" branch="false" />
                <line number="204" hits="0" branch="false" />
                <line number="206" hits="0" branch="false" />
                <line number="207" hits="0" branch="false" />
                <line number="208" hits="0" branch="false" />
                <line number="210" hits="0" branch="false" />
              </lines>
            </method>
            <method name="IsContain" signature="(System.String)" line-rate="0" branch-rate="1" complexity="NaN">
              <lines>
                <line number="214" hits="0" branch="false" />
                <line number="215" hits="0" branch="false" />
                <line number="216" hits="0" branch="false" />
                <line number="217" hits="0" branch="false" />
                <line number="218" hits="0" branch="false" />
                <line number="219" hits="0" branch="false" />
                <line number="220" hits="0" branch="false" />
              </lines>
            </method>
          </methods>
          <lines>
            <line number="21" hits="0" branch="false" />
            <line number="35" hits="0" branch="false" />
            <line number="36" hits="0" branch="false" />
            <line number="37" hits="0" branch="false" />
            <line number="38" hits="0" branch="false" />
            <line number="39" hits="0" branch="false" />
            <line number="40" hits="0" branch="false" />
            <line number="44" hits="0" branch="false" />
            <line number="48" hits="0" branch="false" />
            <line number="49" hits="0" branch="false" />
            <line number="50" hits="0" branch="false" />
            <line number="51" hits="0" branch="false" />
            <line number="52" hits="0" branch="false" />
            <line number="53" hits="0" branch="false" />
            <line number="55" hits="0" branch="false" />
            <line number="56" hits="0" branch="false" />
            <line number="57" hits="0" branch="false" />
            <line number="58" hits="0" branch="false" />
            <line number="59" hits="0" branch="false" />
            <line number="61" hits="0" branch="false" />
            <line number="62" hits="0" branch="false" />
            <line number="63" hits="0" branch="false" />
            <line number="64" hits="0" branch="false" />
            <line number="65" hits="0" branch="false" />
            <line number="70" hits="0" branch="false" />
            <line number="72" hits="0" branch="false" />
            <line number="73" hits="0" branch="false" />
            <line number="74" hits="0" branch="false" />
            <line number="79" hits="0" branch="false" />
            <line number="81" hits="0" branch="false" />
            <line number="83" hits="0" branch="true" condition-coverage="0% (0/2)" />
            <line number="84" hits="0" branch="false" />
            <line number="85" hits="0" branch="false" />
            <line number="92" hits="0" branch="false" />
            <line number="93" hits="0" branch="false" />
            <line number="97" hits="0" branch="false" />
            <line number="98" hits="0" branch="false" />
            <line number="99" hits="0" branch="false" />
            <line number="100" hits="0" branch="false" />
            <line number="101" hits="0" branch="false" />
            <line number="102" hits="0" branch="false" />
            <line number="105" hits="0" branch="false" />
            <line number="106" hits="0" branch="false" />
            <line number="114" hits="0" branch="false" />
            <line number="115" hits="0" branch="false" />
            <line number="116" hits="0" branch="false" />
            <line number="117" hits="0" branch="false" />
            <line number="118" hits="0" branch="false" />
            <line number="120" hits="0" branch="false" />
            <line number="122" hits="0" branch="false" />
            <line number="123" hits="0" branch="false" />
            <line number="124" hits="0" branch="false" />
            <line number="125" hits="0" branch="false" />
            <line number="126" hits="0" branch="false" />
            <line number="127" hits="0" branch="false" />
            <line number="128" hits="0" branch="false" />
            <line number="129" hits="0" branch="false" />
            <line number="130" hits="0" branch="false" />
            <line number="132" hits="0" branch="true" condition-coverage="0% (0/2)" />
            <line number="133" hits="0" branch="false" />
            <line number="134" hits="0" branch="false" />
            <line number="141" hits="0" branch="false" />
            <line number="142" hits="0" branch="false" />
            <line number="144" hits="0" branch="false" />
            <line number="145" hits="0" branch="false" />
            <line number="146" hits="0" branch="false" />
            <line number="147" hits="0" branch="false" />
            <line number="148" hits="0" branch="false" />
            <line number="149" hits="0" branch="false" />
            <line number="151" hits="0" branch="false" />
            <line number="155" hits="0" branch="false" />
            <line number="156" hits="0" branch="false" />
            <line number="158" hits="0" branch="false" />
            <line number="159" hits="0" branch="false" />
            <line number="160" hits="0" branch="false" />
            <line number="161" hits="0" branch="false" />
            <line number="162" hits="0" branch="false" />
            <line number="163" hits="0" branch="false" />
            <line number="164" hits="0" branch="false" />
            <line number="165" hits="0" branch="false" />
            <line number="166" hits="0" branch="false" />
            <line number="167" hits="0" branch="false" />
            <line number="168" hits="0" branch="false" />
            <line number="169" hits="0" branch="false" />
            <line number="170" hits="0" branch="false" />
            <line number="172" hits="0" branch="false" />
            <line number="176" hits="0" branch="false" />
            <line number="177" hits="0" branch="false" />
            <line number="178" hits="0" branch="false" />
            <line number="179" hits="0" branch="false" />
            <line number="180" hits="0" branch="false" />
            <line number="181" hits="0" branch="false" />
            <line number="182" hits="0" branch="true" condition-coverage="0% (0/2)" />
            <line number="183" hits="0" branch="false" />
            <line number="184" hits="0" branch="false" />
            <line number="185" hits="0" branch="false" />
            <line number="186" hits="0" branch="false" />
            <line number="187" hits="0" branch="false" />
            <line number="188" hits="0" branch="false" />
            <line number="192" hits="0" branch="false" />
            <line number="194" hits="0" branch="false" />
            <line number="195" hits="0" branch="false" />
            <line number="196" hits="0" branch="false" />
            <line number="197" hits="0" branch="false" />
            <line number="198" hits="0" branch="true" condition-coverage="0% (0/2)" />
            <line number="199" hits="0" branch="false" />
            <line number="200" hits="0" branch="false" />
            <line number="202" hits="0" branch="false" />
            <line number="203" hits="0" branch="false" />
            <line number="204" hits="0" branch="false" />
            <line number="206" hits="0" branch="false" />
            <line number="207" hits="0" branch="false" />
            <line number="208" hits="0" branch="false" />
            <line number="210" hits="0" branch="false" />
            <line number="214" hits="0" branch="false" />
            <line number="215" hits="0" branch="false" />
            <line number="216" hits="0" branch="false" />
            <line number="217" hits="0" branch="false" />
            <line number="218" hits="0" branch="false" />
            <line number="219" hits="0" branch="false" />
            <line number="220" hits="0" branch="false" />
          </lines>
        </class>
        <class name="DrawingModel.Line" filename="C:\Users\user\Desktop\HW\1111_視窗程式\HW8\DrawingModel\DrawingModel\Shape\Line.cs" line-rate="0.666666666666667" branch-rate="1" complexity="1">
          <methods>
            <method name="StartShape" signature="()" line-rate="1" branch-rate="1" complexity="NaN">
              <lines>
                <line number="18" hits="6" branch="false" />
                <line number="19" hits="6" branch="false" />
                <line number="20" hits="6" branch="false" />
              </lines>
            </method>
            <method name="StartShape" signature="(DrawingModel.Shape)" line-rate="1" branch-rate="1" complexity="NaN">
              <lines>
                <line number="22" hits="1" branch="false" />
                <line number="23" hits="1" branch="false" />
                <line number="24" hits="1" branch="false" />
              </lines>
            </method>
            <method name="EndShape" signature="()" line-rate="1" branch-rate="1" complexity="NaN">
              <lines>
                <line number="30" hits="6" branch="false" />
                <line number="31" hits="6" branch="false" />
                <line number="32" hits="6" branch="false" />
              </lines>
            </method>
            <method name="EndShape" signature="(DrawingModel.Shape)" line-rate="1" branch-rate="1" complexity="NaN">
              <lines>
                <line number="34" hits="2" branch="false" />
                <line number="35" hits="2" branch="false" />
                <line number="36" hits="2" branch="false" />
              </lines>
            </method>
            <method name="DottedLine" signature="(DrawingModel.IGraphics)" line-rate="0" branch-rate="1" complexity="NaN">
              <lines>
                <line number="41" hits="0" branch="false" />
                <line number="42" hits="0" branch="false" />
              </lines>
            </method>
            <method name="Draw" signature="(DrawingModel.IGraphics)" line-rate="1" branch-rate="1" complexity="NaN">
              <lines>
                <line number="46" hits="3" branch="false" />
                <line number="47" hits="3" branch="false" />
                <line number="48" hits="3" branch="false" />
                <line number="49" hits="3" branch="false" />
              </lines>
            </method>
            <method name="GetShapeText" signature="()" line-rate="0" branch-rate="1" complexity="1">
              <lines>
                <line number="53" hits="0" branch="false" />
                <line number="54" hits="0" branch="false" />
                <line number="55" hits="0" branch="false" />
              </lines>
            </method>
            <method name="IsIn" signature="(System.Double,System.Double)" line-rate="0" branch-rate="1" complexity="NaN">
              <lines>
                <line number="59" hits="0" branch="false" />
                <line number="60" hits="0" branch="false" />
                <line number="61" hits="0" branch="false" />
              </lines>
            </method>
          </methods>
          <lines>
            <line number="18" hits="6" branch="false" />
            <line number="19" hits="6" branch="false" />
            <line number="20" hits="6" branch="false" />
            <line number="22" hits="1" branch="false" />
            <line number="23" hits="1" branch="false" />
            <line number="24" hits="1" branch="false" />
            <line number="30" hits="6" branch="false" />
            <line number="31" hits="6" branch="false" />
            <line number="32" hits="6" branch="false" />
            <line number="34" hits="2" branch="false" />
            <line number="35" hits="2" branch="false" />
            <line number="36" hits="2" branch="false" />
            <line number="41" hits="0" branch="false" />
            <line number="42" hits="0" branch="false" />
            <line number="46" hits="3" branch="false" />
            <line number="47" hits="3" branch="false" />
            <line number="48" hits="3" branch="false" />
            <line number="49" hits="3" branch="false" />
            <line number="53" hits="0" branch="false" />
            <line number="54" hits="0" branch="false" />
            <line number="55" hits="0" branch="false" />
            <line number="59" hits="0" branch="false" />
            <line number="60" hits="0" branch="false" />
            <line number="61" hits="0" branch="false" />
          </lines>
        </class>
        <class name="DrawingModel.MockIGraphics" filename="C:\Users\user\Desktop\HW\1111_視窗程式\HW8\DrawingModel\DrawingModel\MockIGraphics.cs" line-rate="1" branch-rate="1" complexity="1">
          <methods>
            <method name="ClearAll" signature="()" line-rate="1" branch-rate="1" complexity="1">
              <lines>
                <line number="13" hits="11" branch="false" />
                <line number="14" hits="11" branch="false" />
              </lines>
            </method>
            <method name="DottedLine" signature="(System.Double,System.Double,System.Double,System.Double)" line-rate="1" branch-rate="1" complexity="NaN">
              <lines>
                <line number="18" hits="2" branch="false" />
                <line number="19" hits="2" branch="false" />
              </lines>
            </method>
            <method name="DrawLine" signature="(System.Double,System.Double,System.Double,System.Double)" line-rate="1" branch-rate="1" complexity="NaN">
              <lines>
                <line number="23" hits="3" branch="false" />
                <line number="24" hits="3" branch="false" />
              </lines>
            </method>
            <method name="DrawRectangle" signature="(System.Double,System.Double,System.Double,System.Double)" line-rate="1" branch-rate="1" complexity="NaN">
              <lines>
                <line number="28" hits="1" branch="false" />
                <line number="29" hits="1" branch="false" />
              </lines>
            </method>
            <method name="DrawTriangle" signature="(System.Double,System.Double,System.Double,System.Double)" line-rate="1" branch-rate="1" complexity="NaN">
              <lines>
                <line number="33" hits="12" branch="false" />
                <line number="34" hits="12" branch="false" />
              </lines>
            </method>
          </methods>
          <lines>
            <line number="13" hits="11" branch="false" />
            <line number="14" hits="11" branch="false" />
            <line number="18" hits="2" branch="false" />
            <line number="19" hits="2" branch="false" />
            <line number="23" hits="3" branch="false" />
            <line number="24" hits="3" branch="false" />
            <line number="28" hits="1" branch="false" />
            <line number="29" hits="1" branch="false" />
            <line number="33" hits="12" branch="false" />
            <line number="34" hits="12" branch="false" />
          </lines>
        </class>
        <class name="DrawingModel.Model" filename="C:\Users\user\Desktop\HW\1111_視窗程式\HW8\DrawingModel\DrawingModel\Model.cs" line-rate="1" branch-rate="0.875" complexity="10">
          <methods>
            <method name="ShapeType" signature="()" line-rate="1" branch-rate="1" complexity="NaN">
              <lines>
                <line number="33" hits="8" branch="false" />
                <line number="34" hits="8" branch="false" />
                <line number="35" hits="8" branch="false" />
              </lines>
            </method>
            <method name="ShapeType" signature="(DrawingModel.ShapeType)" line-rate="1" branch-rate="1" complexity="NaN">
              <lines>
                <line number="37" hits="13" branch="false" />
                <line number="38" hits="13" branch="false" />
                <line number="39" hits="13" branch="false" />
              </lines>
            </method>
            <method name="IsLineEnable" signature="()" line-rate="1" branch-rate="1" complexity="NaN">
              <lines>
                <line number="139" hits="3" branch="false" />
                <line number="140" hits="3" branch="false" />
                <line number="141" hits="3" branch="false" />
              </lines>
            </method>
            <method name="IsLineEnable" signature="(System.Boolean)" line-rate="1" branch-rate="1" complexity="NaN">
              <lines>
                <line number="143" hits="4" branch="false" />
                <line number="144" hits="4" branch="false" />
                <line number="145" hits="4" branch="false" />
              </lines>
            </method>
            <method name="IsUndoEnable" signature="()" line-rate="1" branch-rate="1" complexity="NaN">
              <lines>
                <line number="151" hits="1" branch="false" />
                <line number="152" hits="1" branch="false" />
                <line number="153" hits="1" branch="false" />
              </lines>
            </method>
            <method name="IsRedoEnable" signature="()" line-rate="1" branch-rate="1" complexity="NaN">
              <lines>
                <line number="159" hits="1" branch="false" />
                <line number="160" hits="1" branch="false" />
                <line number="161" hits="1" branch="false" />
              </lines>
            </method>
            <method name="ShapeText" signature="()" line-rate="1" branch-rate="1" complexity="NaN">
              <lines>
                <line number="167" hits="1" branch="false" />
                <line number="168" hits="1" branch="false" />
                <line number="169" hits="1" branch="false" />
              </lines>
            </method>
            <method name="ShapeText" signature="(System.String)" line-rate="1" branch-rate="1" complexity="NaN">
              <lines>
                <line number="171" hits="11" branch="false" />
                <line number="172" hits="11" branch="false" />
                <line number="173" hits="11" branch="false" />
              </lines>
            </method>
            <method name="PressedPointer" signature="(System.Double,System.Double)" line-rate="1" branch-rate="1" complexity="NaN">
              <lines>
                <line number="44" hits="14" branch="false" />
                <line number="45" hits="14" branch="false" />
                <line number="47" hits="14" branch="false" />
                <line number="48" hits="14" branch="false" />
              </lines>
            </method>
            <method name="GetClickedShape" signature="(System.Double,System.Double)" line-rate="1" branch-rate="1" complexity="NaN">
              <lines>
                <line number="52" hits="8" branch="false" />
                <line number="53" hits="28" branch="false" />
                <line number="54" hits="3" branch="false" />
                <line number="55" hits="3" branch="true" condition-coverage="100% (2/2)" />
                <line number="56" hits="2" branch="false" />
                <line number="57" hits="1" branch="false" />
                <line number="58" hits="6" branch="false" />
                <line number="59" hits="8" branch="false" />
              </lines>
            </method>
            <method name="MovedPointer" signature="(System.Double,System.Double)" line-rate="1" branch-rate="1" complexity="NaN">
              <lines>
                <line number="63" hits="11" branch="false" />
                <line number="64" hits="11" branch="false" />
                <line number="65" hits="11" branch="false" />
                <line number="66" hits="11" branch="false" />
              </lines>
            </method>
            <method name="ReleasedPointer" signature="(System.Double,System.Double)" line-rate="1" branch-rate="1" complexity="NaN">
              <lines>
                <line number="70" hits="10" branch="false" />
                <line number="71" hits="10" branch="false" />
                <line number="72" hits="10" branch="false" />
                <line number="73" hits="10" branch="false" />
              </lines>
            </method>
            <method name="Clear" signature="()" line-rate="1" branch-rate="1" complexity="1">
              <lines>
                <line number="77" hits="1" branch="false" />
                <line number="78" hits="1" branch="false" />
                <line number="79" hits="1" branch="false" />
                <line number="80" hits="1" branch="false" />
                <line number="81" hits="1" branch="false" />
                <line number="82" hits="1" branch="false" />
              </lines>
            </method>
            <method name="DrawShape" signature="(DrawingModel.Shape)" line-rate="1" branch-rate="1" complexity="NaN">
              <lines>
                <line number="86" hits="8" branch="false" />
                <line number="87" hits="8" branch="false" />
                <line number="88" hits="8" branch="false" />
              </lines>
            </method>
            <method name="DeleteShape" signature="()" line-rate="1" branch-rate="1" complexity="1">
              <lines>
                <line number="92" hits="2" branch="false" />
                <line number="93" hits="2" branch="false" />
                <line number="94" hits="2" branch="false" />
              </lines>
            </method>
            <method name="Undo" signature="()" line-rate="1" branch-rate="1" complexity="1">
              <lines>
                <line number="98" hits="2" branch="false" />
                <line number="99" hits="2" branch="false" />
                <line number="100" hits="2" branch="false" />
                <line number="101" hits="2" branch="false" />
              </lines>
            </method>
            <method name="Redo" signature="()" line-rate="1" branch-rate="1" complexity="1">
              <lines>
                <line number="105" hits="1" branch="false" />
                <line number="106" hits="1" branch="false" />
                <line number="107" hits="1" branch="false" />
                <line number="108" hits="1" branch="false" />
              </lines>
            </method>
            <method name="Draw" signature="(DrawingModel.IGraphics)" line-rate="1" branch-rate="1" complexity="NaN">
              <lines>
                <line number="112" hits="11" branch="false" />
                <line number="113" hits="11" branch="false" />
                <line number="114" hits="47" branch="false" />
                <line number="115" hits="7" branch="false" />
                <line number="116" hits="7" branch="true" condition-coverage="100% (2/2)" />
                <line number="117" hits="1" branch="false" />
                <line number="118" hits="7" branch="false" />
                <line number="120" hits="47" branch="false" />
                <line number="121" hits="7" branch="false" />
                <line number="122" hits="7" branch="true" condition-coverage="100% (2/2)" />
                <line number="123" hits="6" branch="false" />
                <line number="124" hits="7" branch="false" />
                <line number="126" hits="11" branch="false" />
                <line number="127" hits="11" branch="false" />
              </lines>
            </method>
            <method name="NotifyModelChanged" signature="()" line-rate="1" branch-rate="0.5" complexity="2">
              <lines>
                <line number="131" hits="39" branch="false" />
                <line number="132" hits="39" branch="true" condition-coverage="50% (1/2)" />
                <line number="133" hits="39" branch="false" />
                <line number="134" hits="39" branch="false" />
              </lines>
            </method>
            <method name="SetPointerState" signature="()" line-rate="1" branch-rate="1" complexity="1">
              <lines>
                <line number="178" hits="1" branch="false" />
                <line number="179" hits="1" branch="false" />
                <line number="180" hits="1" branch="false" />
              </lines>
            </method>
            <method name="SetDrawingState" signature="()" line-rate="1" branch-rate="1" complexity="1">
              <lines>
                <line number="184" hits="10" branch="false" />
                <line number="185" hits="10" branch="false" />
                <line number="186" hits="10" branch="false" />
              </lines>
            </method>
            <method name="SetLinkState" signature="()" line-rate="1" branch-rate="1" complexity="1">
              <lines>
                <line number="190" hits="2" branch="false" />
                <line number="191" hits="2" branch="false" />
                <line number="192" hits="2" branch="false" />
              </lines>
            </method>
            <method name=".ctor" signature="()" line-rate="1" branch-rate="1" complexity="1">
              <lines>
                <line number="23" hits="9" branch="false" />
                <line number="24" hits="9" branch="false" />
                <line number="25" hits="9" branch="false" />
                <line number="26" hits="9" branch="false" />
                <line number="27" hits="9" branch="false" />
              </lines>
            </method>
          </methods>
          <lines>
            <line number="23" hits="9" branch="false" />
            <line number="24" hits="9" branch="false" />
            <line number="25" hits="9" branch="false" />
            <line number="26" hits="9" branch="false" />
            <line number="27" hits="9" branch="false" />
            <line number="33" hits="8" branch="false" />
            <line number="34" hits="8" branch="false" />
            <line number="35" hits="8" branch="false" />
            <line number="37" hits="13" branch="false" />
            <line number="38" hits="13" branch="false" />
            <line number="39" hits="13" branch="false" />
            <line number="44" hits="14" branch="false" />
            <line number="45" hits="14" branch="false" />
            <line number="47" hits="14" branch="false" />
            <line number="48" hits="14" branch="false" />
            <line number="52" hits="8" branch="false" />
            <line number="53" hits="28" branch="false" />
            <line number="54" hits="3" branch="false" />
            <line number="55" hits="3" branch="true" condition-coverage="100% (2/2)" />
            <line number="56" hits="2" branch="false" />
            <line number="57" hits="1" branch="false" />
            <line number="58" hits="6" branch="false" />
            <line number="59" hits="8" branch="false" />
            <line number="63" hits="11" branch="false" />
            <line number="64" hits="11" branch="false" />
            <line number="65" hits="11" branch="false" />
            <line number="66" hits="11" branch="false" />
            <line number="70" hits="10" branch="false" />
            <line number="71" hits="10" branch="false" />
            <line number="72" hits="10" branch="false" />
            <line number="73" hits="10" branch="false" />
            <line number="77" hits="1" branch="false" />
            <line number="78" hits="1" branch="false" />
            <line number="79" hits="1" branch="false" />
            <line number="80" hits="1" branch="false" />
            <line number="81" hits="1" branch="false" />
            <line number="82" hits="1" branch="false" />
            <line number="86" hits="8" branch="false" />
            <line number="87" hits="8" branch="false" />
            <line number="88" hits="8" branch="false" />
            <line number="92" hits="2" branch="false" />
            <line number="93" hits="2" branch="false" />
            <line number="94" hits="2" branch="false" />
            <line number="98" hits="2" branch="false" />
            <line number="99" hits="2" branch="false" />
            <line number="100" hits="2" branch="false" />
            <line number="101" hits="2" branch="false" />
            <line number="105" hits="1" branch="false" />
            <line number="106" hits="1" branch="false" />
            <line number="107" hits="1" branch="false" />
            <line number="108" hits="1" branch="false" />
            <line number="112" hits="11" branch="false" />
            <line number="113" hits="11" branch="false" />
            <line number="114" hits="47" branch="false" />
            <line number="115" hits="7" branch="false" />
            <line number="116" hits="7" branch="true" condition-coverage="100% (2/2)" />
            <line number="117" hits="1" branch="false" />
            <line number="118" hits="7" branch="false" />
            <line number="120" hits="47" branch="false" />
            <line number="121" hits="7" branch="false" />
            <line number="122" hits="7" branch="true" condition-coverage="100% (2/2)" />
            <line number="123" hits="6" branch="false" />
            <line number="124" hits="7" branch="false" />
            <line number="126" hits="11" branch="false" />
            <line number="127" hits="11" branch="false" />
            <line number="131" hits="39" branch="false" />
            <line number="132" hits="39" branch="true" condition-coverage="50% (1/2)" />
            <line number="133" hits="39" branch="false" />
            <line number="134" hits="39" branch="false" />
            <line number="139" hits="3" branch="false" />
            <line number="140" hits="3" branch="false" />
            <line number="141" hits="3" branch="false" />
            <line number="143" hits="4" branch="false" />
            <line number="144" hits="4" branch="false" />
            <line number="145" hits="4" branch="false" />
            <line number="151" hits="1" branch="false" />
            <line number="152" hits="1" branch="false" />
            <line number="153" hits="1" branch="false" />
            <line number="159" hits="1" branch="false" />
            <line number="160" hits="1" branch="false" />
            <line number="161" hits="1" branch="false" />
            <line number="167" hits="1" branch="false" />
            <line number="168" hits="1" branch="false" />
            <line number="169" hits="1" branch="false" />
            <line number="171" hits="11" branch="false" />
            <line number="172" hits="11" branch="false" />
            <line number="173" hits="11" branch="false" />
            <line number="178" hits="1" branch="false" />
            <line number="179" hits="1" branch="false" />
            <line number="180" hits="1" branch="false" />
            <line number="184" hits="10" branch="false" />
            <line number="185" hits="10" branch="false" />
            <line number="186" hits="10" branch="false" />
            <line number="190" hits="2" branch="false" />
            <line number="191" hits="2" branch="false" />
            <line number="192" hits="2" branch="false" />
          </lines>
        </class>
        <class name="DrawingModel.Rectangle" filename="C:\Users\user\Desktop\HW\1111_視窗程式\HW8\DrawingModel\DrawingModel\Shape\Rectangle.cs" line-rate="1" branch-rate="0.333333333333333" complexity="1">
          <methods>
            <method name="DottedLine" signature="(DrawingModel.IGraphics)" line-rate="1" branch-rate="1" complexity="NaN">
              <lines>
                <line number="18" hits="1" branch="false" />
                <line number="19" hits="1" branch="false" />
                <line number="20" hits="1" branch="false" />
              </lines>
            </method>
            <method name="Draw" signature="(DrawingModel.IGraphics)" line-rate="1" branch-rate="1" complexity="NaN">
              <lines>
                <line number="24" hits="1" branch="false" />
                <line number="25" hits="1" branch="false" />
                <line number="26" hits="1" branch="false" />
                <line number="27" hits="1" branch="false" />
              </lines>
            </method>
            <method name="GetShapeText" signature="()" line-rate="1" branch-rate="1" complexity="1">
              <lines>
                <line number="31" hits="1" branch="false" />
                <line number="32" hits="1" branch="false" />
                <line number="33" hits="1" branch="false" />
              </lines>
            </method>
            <method name="IsIn" signature="(System.Double,System.Double)" line-rate="1" branch-rate="0.333333333333333" complexity="NaN">
              <lines>
                <line number="37" hits="1" branch="false" />
                <line number="38" hits="1" branch="true" condition-coverage="33% (2/6)" />
                <line number="39" hits="1" branch="false" />
              </lines>
            </method>
          </methods>
          <lines>
            <line number="18" hits="1" branch="false" />
            <line number="19" hits="1" branch="false" />
            <line number="20" hits="1" branch="false" />
            <line number="24" hits="1" branch="false" />
            <line number="25" hits="1" branch="false" />
            <line number="26" hits="1" branch="false" />
            <line number="27" hits="1" branch="false" />
            <line number="31" hits="1" branch="false" />
            <line number="32" hits="1" branch="false" />
            <line number="33" hits="1" branch="false" />
            <line number="37" hits="1" branch="false" />
            <line number="38" hits="1" branch="true" condition-coverage="33% (2/6)" />
            <line number="39" hits="1" branch="false" />
          </lines>
        </class>
        <class name="DrawingModel.Shape" filename="C:\Users\user\Desktop\HW\1111_視窗程式\HW8\DrawingModel\DrawingModel\Shape\Shape.cs" line-rate="0.934782608695652" branch-rate="1" complexity="NaN">
          <methods>
            <method name="X1" signature="()" line-rate="1" branch-rate="1" complexity="NaN">
              <lines>
                <line number="24" hits="26" branch="false" />
                <line number="25" hits="26" branch="false" />
                <line number="26" hits="26" branch="false" />
              </lines>
            </method>
            <method name="X1" signature="(System.Double)" line-rate="1" branch-rate="1" complexity="NaN">
              <lines>
                <line number="28" hits="16" branch="false" />
                <line number="29" hits="16" branch="false" />
                <line number="30" hits="16" branch="false" />
              </lines>
            </method>
            <method name="Y1" signature="()" line-rate="1" branch-rate="1" complexity="NaN">
              <lines>
                <line number="36" hits="21" branch="false" />
                <line number="37" hits="21" branch="false" />
                <line number="38" hits="21" branch="false" />
              </lines>
            </method>
            <method name="Y1" signature="(System.Double)" line-rate="1" branch-rate="1" complexity="NaN">
              <lines>
                <line number="40" hits="24" branch="false" />
                <line number="41" hits="24" branch="false" />
                <line number="42" hits="24" branch="false" />
              </lines>
            </method>
            <method name="X2" signature="()" line-rate="1" branch-rate="1" complexity="NaN">
              <lines>
                <line number="48" hits="25" branch="false" />
                <line number="49" hits="25" branch="false" />
                <line number="50" hits="25" branch="false" />
              </lines>
            </method>
            <method name="X2" signature="(System.Double)" line-rate="1" branch-rate="1" complexity="NaN">
              <lines>
                <line number="52" hits="16" branch="false" />
                <line number="53" hits="16" branch="false" />
                <line number="54" hits="16" branch="false" />
              </lines>
            </method>
            <method name="Y2" signature="()" line-rate="1" branch-rate="1" complexity="NaN">
              <lines>
                <line number="60" hits="25" branch="false" />
                <line number="61" hits="25" branch="false" />
                <line number="62" hits="25" branch="false" />
              </lines>
            </method>
            <method name="Y2" signature="(System.Double)" line-rate="1" branch-rate="1" complexity="NaN">
              <lines>
                <line number="64" hits="8" branch="false" />
                <line number="65" hits="8" branch="false" />
                <line number="66" hits="8" branch="false" />
              </lines>
            </method>
            <method name="CenterX" signature="()" line-rate="1" branch-rate="1" complexity="NaN">
              <lines>
                <line number="72" hits="6" branch="false" />
                <line number="73" hits="6" branch="true" condition-coverage="100% (2/2)" />
                <line number="74" hits="5" branch="false" />
                <line number="76" hits="1" branch="false" />
                <line number="77" hits="6" branch="false" />
              </lines>
            </method>
            <method name="CenterX" signature="(System.Double)" line-rate="1" branch-rate="1" complexity="NaN">
              <lines>
                <line number="79" hits="2" branch="false" />
                <line number="80" hits="2" branch="false" />
                <line number="81" hits="2" branch="false" />
              </lines>
            </method>
            <method name="CenterY" signature="()" line-rate="1" branch-rate="1" complexity="NaN">
              <lines>
                <line number="87" hits="6" branch="false" />
                <line number="88" hits="6" branch="true" condition-coverage="100% (2/2)" />
                <line number="89" hits="5" branch="false" />
                <line number="91" hits="1" branch="false" />
                <line number="92" hits="6" branch="false" />
              </lines>
            </method>
            <method name="CenterY" signature="(System.Double)" line-rate="1" branch-rate="1" complexity="NaN">
              <lines>
                <line number="94" hits="2" branch="false" />
                <line number="95" hits="2" branch="false" />
                <line number="96" hits="2" branch="false" />
              </lines>
            </method>
            <method name="Name" signature="()" line-rate="1" branch-rate="1" complexity="NaN">
              <lines>
                <line number="102" hits="16" branch="false" />
                <line number="103" hits="16" branch="false" />
                <line number="104" hits="16" branch="false" />
              </lines>
            </method>
            <method name="Name" signature="(System.String)" line-rate="0" branch-rate="1" complexity="NaN">
              <lines>
                <line number="106" hits="0" branch="false" />
                <line number="107" hits="0" branch="false" />
                <line number="108" hits="0" branch="false" />
              </lines>
            </method>
          </methods>
          <lines>
            <line number="24" hits="26" branch="false" />
            <line number="25" hits="26" branch="false" />
            <line number="26" hits="26" branch="false" />
            <line number="28" hits="16" branch="false" />
            <line number="29" hits="16" branch="false" />
            <line number="30" hits="16" branch="false" />
            <line number="36" hits="21" branch="false" />
            <line number="37" hits="21" branch="false" />
            <line number="38" hits="21" branch="false" />
            <line number="40" hits="24" branch="false" />
            <line number="41" hits="24" branch="false" />
            <line number="42" hits="24" branch="false" />
            <line number="48" hits="25" branch="false" />
            <line number="49" hits="25" branch="false" />
            <line number="50" hits="25" branch="false" />
            <line number="52" hits="16" branch="false" />
            <line number="53" hits="16" branch="false" />
            <line number="54" hits="16" branch="false" />
            <line number="60" hits="25" branch="false" />
            <line number="61" hits="25" branch="false" />
            <line number="62" hits="25" branch="false" />
            <line number="64" hits="8" branch="false" />
            <line number="65" hits="8" branch="false" />
            <line number="66" hits="8" branch="false" />
            <line number="72" hits="6" branch="false" />
            <line number="73" hits="6" branch="true" condition-coverage="100% (2/2)" />
            <line number="74" hits="5" branch="false" />
            <line number="76" hits="1" branch="false" />
            <line number="77" hits="6" branch="false" />
            <line number="79" hits="2" branch="false" />
            <line number="80" hits="2" branch="false" />
            <line number="81" hits="2" branch="false" />
            <line number="87" hits="6" branch="false" />
            <line number="88" hits="6" branch="true" condition-coverage="100% (2/2)" />
            <line number="89" hits="5" branch="false" />
            <line number="91" hits="1" branch="false" />
            <line number="92" hits="6" branch="false" />
            <line number="94" hits="2" branch="false" />
            <line number="95" hits="2" branch="false" />
            <line number="96" hits="2" branch="false" />
            <line number="102" hits="16" branch="false" />
            <line number="103" hits="16" branch="false" />
            <line number="104" hits="16" branch="false" />
            <line number="106" hits="0" branch="false" />
            <line number="107" hits="0" branch="false" />
            <line number="108" hits="0" branch="false" />
          </lines>
        </class>
        <class name="DrawingModel.ShapeFactory" filename="C:\Users\user\Desktop\HW\1111_視窗程式\HW8\DrawingModel\DrawingModel\Shape\ShapeFactory.cs" line-rate="1" branch-rate="0.8" complexity="NaN">
          <methods>
            <method name="CreateShape" signature="(DrawingModel.ShapeType)" line-rate="1" branch-rate="0.8" complexity="NaN">
              <lines>
                <line number="15" hits="13" branch="false" />
                <line number="16" hits="13" branch="true" condition-coverage="80% (4/5)" />
                <line number="19" hits="1" branch="false" />
                <line number="21" hits="2" branch="false" />
                <line number="22" hits="2" branch="false" />
                <line number="24" hits="8" branch="false" />
                <line number="25" hits="8" branch="false" />
                <line number="27" hits="2" branch="false" />
                <line number="28" hits="2" branch="false" />
                <line number="30" hits="13" branch="false" />
                <line number="31" hits="13" branch="false" />
              </lines>
            </method>
          </methods>
          <lines>
            <line number="15" hits="13" branch="false" />
            <line number="16" hits="13" branch="true" condition-coverage="80% (4/5)" />
            <line number="19" hits="1" branch="false" />
            <line number="21" hits="2" branch="false" />
            <line number="22" hits="2" branch="false" />
            <line number="24" hits="8" branch="false" />
            <line number="25" hits="8" branch="false" />
            <line number="27" hits="2" branch="false" />
            <line number="28" hits="2" branch="false" />
            <line number="30" hits="13" branch="false" />
            <line number="31" hits="13" branch="false" />
          </lines>
        </class>
        <class name="DrawingModel.State.DrawingState" filename="C:\Users\user\Desktop\HW\1111_視窗程式\HW8\DrawingModel\DrawingModel\State\DrawingState.cs" line-rate="1" branch-rate="0.8" complexity="1">
          <methods>
            <method name="MouseDown" signature="(DrawingModel.Model,System.Double,System.Double)" line-rate="1" branch-rate="1" complexity="NaN">
              <lines>
                <line number="19" hits="7" branch="false" />
                <line number="20" hits="7" branch="false" />
                <line number="21" hits="7" branch="false" />
                <line number="22" hits="7" branch="false" />
                <line number="23" hits="7" branch="false" />
                <line number="24" hits="7" branch="false" />
                <line number="25" hits="7" branch="false" />
                <line number="27" hits="7" branch="false" />
              </lines>
            </method>
            <method name="MouseMove" signature="(DrawingModel.Model,System.Double,System.Double)" line-rate="1" branch-rate="0.5" complexity="NaN">
              <lines>
                <line number="31" hits="7" branch="false" />
                <line number="32" hits="7" branch="true" condition-coverage="50% (1/2)" />
                <line number="33" hits="7" branch="false" />
                <line number="34" hits="7" branch="false" />
                <line number="35" hits="7" branch="false" />
                <line number="36" hits="7" branch="false" />
                <line number="37" hits="7" branch="false" />
              </lines>
            </method>
            <method name="MouseUp" signature="(DrawingModel.Model,DrawingModel.CommandManager,System.Double,System.Double)" line-rate="1" branch-rate="0.833333333333333" complexity="NaN">
              <lines>
                <line number="41" hits="6" branch="false" />
                <line number="42" hits="6" branch="true" condition-coverage="50% (1/2)" />
                <line number="43" hits="6" branch="false" />
                <line number="44" hits="6" branch="false" />
                <line number="45" hits="6" branch="true" condition-coverage="100% (2/2)" />
                <line number="46" hits="1" branch="false" />
                <line number="47" hits="1" branch="false" />
                <line number="48" hits="1" branch="false" />
                <line number="49" hits="1" branch="false" />
                <line number="50" hits="6" branch="true" condition-coverage="100% (2/2)" />
                <line number="51" hits="1" branch="false" />
                <line number="52" hits="1" branch="false" />
                <line number="53" hits="1" branch="false" />
                <line number="54" hits="1" branch="false" />
                <line number="55" hits="6" branch="false" />
                <line number="56" hits="6" branch="false" />
                <line number="57" hits="6" branch="false" />
              </lines>
            </method>
            <method name="Draw" signature="(DrawingModel.Model,DrawingModel.IGraphics)" line-rate="1" branch-rate="1" complexity="NaN">
              <lines>
                <line number="61" hits="6" branch="false" />
                <line number="62" hits="6" branch="true" condition-coverage="100% (2/2)" />
                <line number="63" hits="5" branch="false" />
                <line number="64" hits="6" branch="false" />
                <line number="65" hits="6" branch="false" />
              </lines>
            </method>
            <method name=".ctor" signature="()" line-rate="1" branch-rate="1" complexity="1">
              <lines>
                <line number="11" hits="10" branch="false" />
                <line number="14" hits="10" branch="false" />
              </lines>
            </method>
          </methods>
          <lines>
            <line number="11" hits="10" branch="false" />
            <line number="14" hits="10" branch="false" />
            <line number="19" hits="7" branch="false" />
            <line number="20" hits="7" branch="false" />
            <line number="21" hits="7" branch="false" />
            <line number="22" hits="7" branch="false" />
            <line number="23" hits="7" branch="false" />
            <line number="24" hits="7" branch="false" />
            <line number="25" hits="7" branch="false" />
            <line number="27" hits="7" branch="false" />
            <line number="31" hits="7" branch="false" />
            <line number="32" hits="7" branch="true" condition-coverage="50% (1/2)" />
            <line number="33" hits="7" branch="false" />
            <line number="34" hits="7" branch="false" />
            <line number="35" hits="7" branch="false" />
            <line number="36" hits="7" branch="false" />
            <line number="37" hits="7" branch="false" />
            <line number="41" hits="6" branch="false" />
            <line number="42" hits="6" branch="true" condition-coverage="50% (1/2)" />
            <line number="43" hits="6" branch="false" />
            <line number="44" hits="6" branch="false" />
            <line number="45" hits="6" branch="true" condition-coverage="100% (2/2)" />
            <line number="46" hits="1" branch="false" />
            <line number="47" hits="1" branch="false" />
            <line number="48" hits="1" branch="false" />
            <line number="49" hits="1" branch="false" />
            <line number="50" hits="6" branch="true" condition-coverage="100% (2/2)" />
            <line number="51" hits="1" branch="false" />
            <line number="52" hits="1" branch="false" />
            <line number="53" hits="1" branch="false" />
            <line number="54" hits="1" branch="false" />
            <line number="55" hits="6" branch="false" />
            <line number="56" hits="6" branch="false" />
            <line number="57" hits="6" branch="false" />
            <line number="61" hits="6" branch="false" />
            <line number="62" hits="6" branch="true" condition-coverage="100% (2/2)" />
            <line number="63" hits="5" branch="false" />
            <line number="64" hits="6" branch="false" />
            <line number="65" hits="6" branch="false" />
          </lines>
        </class>
        <class name="DrawingModel.State.LinkState" filename="C:\Users\user\Desktop\HW\1111_視窗程式\HW8\DrawingModel\DrawingModel\State\LinkState.cs" line-rate="1" branch-rate="0.785714285714286" complexity="1">
          <methods>
            <method name="MouseDown" signature="(DrawingModel.Model,System.Double,System.Double)" line-rate="1" branch-rate="1" complexity="NaN">
              <lines>
                <line number="20" hits="3" branch="false" />
                <line number="21" hits="3" branch="false" />
                <line number="22" hits="3" branch="false" />
                <line number="23" hits="3" branch="true" condition-coverage="100% (2/2)" />
                <line number="24" hits="1" branch="false" />
                <line number="25" hits="1" branch="false" />
                <line number="26" hits="1" branch="false" />
                <line number="27" hits="1" branch="false" />
                <line number="28" hits="1" branch="false" />
                <line number="29" hits="1" branch="false" />
                <line number="30" hits="1" branch="false" />
                <line number="31" hits="1" branch="false" />
                <line number="32" hits="1" branch="false" />
                <line number="33" hits="3" branch="false" />
              </lines>
            </method>
            <method name="MouseMove" signature="(DrawingModel.Model,System.Double,System.Double)" line-rate="1" branch-rate="0.75" complexity="NaN">
              <lines>
                <line number="37" hits="2" branch="false" />
                <line number="38" hits="2" branch="true" condition-coverage="75% (3/4)" />
                <line number="39" hits="1" branch="false" />
                <line number="40" hits="1" branch="false" />
                <line number="41" hits="1" branch="false" />
                <line number="42" hits="1" branch="false" />
                <line number="43" hits="2" branch="false" />
              </lines>
            </method>
            <method name="MouseUp" signature="(DrawingModel.Model,DrawingModel.CommandManager,System.Double,System.Double)" line-rate="1" branch-rate="0.666666666666667" complexity="NaN">
              <lines>
                <line number="47" hits="2" branch="false" />
                <line number="48" hits="2" branch="true" condition-coverage="100% (2/2)" />
                <line number="49" hits="1" branch="false" />
                <line number="50" hits="1" branch="false" />
                <line number="51" hits="1" branch="false" />
                <line number="52" hits="1" branch="true" condition-coverage="50% (1/2)" />
                <line number="53" hits="1" branch="false" />
                <line number="54" hits="1" branch="false" />
                <line number="55" hits="1" branch="false" />
                <line number="56" hits="1" branch="false" />
                <line number="57" hits="1" branch="false" />
                <line number="58" hits="1" branch="true" condition-coverage="50% (1/2)" />
                <line number="59" hits="1" branch="false" />
                <line number="60" hits="1" branch="false" />
                <line number="61" hits="2" branch="false" />
              </lines>
            </method>
            <method name="Draw" signature="(DrawingModel.Model,DrawingModel.IGraphics)" line-rate="1" branch-rate="1" complexity="NaN">
              <lines>
                <line number="65" hits="3" branch="false" />
                <line number="66" hits="3" branch="true" condition-coverage="100% (2/2)" />
                <line number="67" hits="2" branch="false" />
                <line number="68" hits="3" branch="false" />
                <line number="69" hits="3" branch="false" />
              </lines>
            </method>
            <method name=".ctor" signature="()" line-rate="1" branch-rate="1" complexity="1">
              <lines>
                <line number="11" hits="2" branch="false" />
                <line number="12" hits="2" branch="false" />
                <line number="14" hits="2" branch="false" />
                <line number="15" hits="2" branch="false" />
                <line number="16" hits="2" branch="false" />
              </lines>
            </method>
          </methods>
          <lines>
            <line number="11" hits="2" branch="false" />
            <line number="12" hits="2" branch="false" />
            <line number="14" hits="2" branch="false" />
            <line number="15" hits="2" branch="false" />
            <line number="16" hits="2" branch="false" />
            <line number="20" hits="3" branch="false" />
            <line number="21" hits="3" branch="false" />
            <line number="22" hits="3" branch="false" />
            <line number="23" hits="3" branch="true" condition-coverage="100% (2/2)" />
            <line number="24" hits="1" branch="false" />
            <line number="25" hits="1" branch="false" />
            <line number="26" hits="1" branch="false" />
            <line number="27" hits="1" branch="false" />
            <line number="28" hits="1" branch="false" />
            <line number="29" hits="1" branch="false" />
            <line number="30" hits="1" branch="false" />
            <line number="31" hits="1" branch="false" />
            <line number="32" hits="1" branch="false" />
            <line number="33" hits="3" branch="false" />
            <line number="37" hits="2" branch="false" />
            <line number="38" hits="2" branch="true" condition-coverage="75% (3/4)" />
            <line number="39" hits="1" branch="false" />
            <line number="40" hits="1" branch="false" />
            <line number="41" hits="1" branch="false" />
            <line number="42" hits="1" branch="false" />
            <line number="43" hits="2" branch="false" />
            <line number="47" hits="2" branch="false" />
            <line number="48" hits="2" branch="true" condition-coverage="100% (2/2)" />
            <line number="49" hits="1" branch="false" />
            <line number="50" hits="1" branch="false" />
            <line number="51" hits="1" branch="false" />
            <line number="52" hits="1" branch="true" condition-coverage="50% (1/2)" />
            <line number="53" hits="1" branch="false" />
            <line number="54" hits="1" branch="false" />
            <line number="55" hits="1" branch="false" />
            <line number="56" hits="1" branch="false" />
            <line number="57" hits="1" branch="false" />
            <line number="58" hits="1" branch="true" condition-coverage="50% (1/2)" />
            <line number="59" hits="1" branch="false" />
            <line number="60" hits="1" branch="false" />
            <line number="61" hits="2" branch="false" />
            <line number="65" hits="3" branch="false" />
            <line number="66" hits="3" branch="true" condition-coverage="100% (2/2)" />
            <line number="67" hits="2" branch="false" />
            <line number="68" hits="3" branch="false" />
            <line number="69" hits="3" branch="false" />
          </lines>
        </class>
        <class name="DrawingModel.State.PointerState" filename="C:\Users\user\Desktop\HW\1111_視窗程式\HW8\DrawingModel\DrawingModel\State\PointerState.cs" line-rate="0.75" branch-rate="0.5" complexity="1">
          <methods>
            <method name="MouseDown" signature="(DrawingModel.Model,System.Double,System.Double)" line-rate="1" branch-rate="1" complexity="NaN">
              <lines>
                <line number="15" hits="4" branch="false" />
                <line number="16" hits="4" branch="false" />
                <line number="17" hits="4" branch="false" />
              </lines>
            </method>
            <method name="MouseMove" signature="(DrawingModel.Model,System.Double,System.Double)" line-rate="1" branch-rate="1" complexity="NaN">
              <lines>
                <line number="21" hits="2" branch="false" />
                <line number="22" hits="2" branch="false" />
              </lines>
            </method>
            <method name="MouseUp" signature="(DrawingModel.Model,DrawingModel.CommandManager,System.Double,System.Double)" line-rate="1" branch-rate="1" complexity="NaN">
              <lines>
                <line number="26" hits="2" branch="false" />
                <line number="27" hits="2" branch="false" />
              </lines>
            </method>
            <method name="Draw" signature="(DrawingModel.Model,DrawingModel.IGraphics)" line-rate="0.5" branch-rate="0.5" complexity="NaN">
              <lines>
                <line number="31" hits="2" branch="false" />
                <line number="32" hits="2" branch="true" condition-coverage="50% (1/2)" />
                <line number="33" hits="0" branch="false" />
                <line number="34" hits="0" branch="false" />
                <line number="35" hits="0" branch="false" />
                <line number="36" hits="0" branch="false" />
                <line number="38" hits="2" branch="false" />
                <line number="39" hits="2" branch="false" />
              </lines>
            </method>
            <method name=".ctor" signature="()" line-rate="1" branch-rate="1" complexity="1">
              <lines>
                <line number="11" hits="1" branch="false" />
              </lines>
            </method>
          </methods>
          <lines>
            <line number="11" hits="1" branch="false" />
            <line number="15" hits="4" branch="false" />
            <line number="16" hits="4" branch="false" />
            <line number="17" hits="4" branch="false" />
            <line number="21" hits="2" branch="false" />
            <line number="22" hits="2" branch="false" />
            <line number="26" hits="2" branch="false" />
            <line number="27" hits="2" branch="false" />
            <line number="31" hits="2" branch="false" />
            <line number="32" hits="2" branch="true" condition-coverage="50% (1/2)" />
            <line number="33" hits="0" branch="false" />
            <line number="34" hits="0" branch="false" />
            <line number="35" hits="0" branch="false" />
            <line number="36" hits="0" branch="false" />
            <line number="38" hits="2" branch="false" />
            <line number="39" hits="2" branch="false" />
          </lines>
        </class>
        <class name="DrawingModel.Triangle" filename="C:\Users\user\Desktop\HW\1111_視窗程式\HW8\DrawingModel\DrawingModel\Shape\Triangle.cs" line-rate="1" branch-rate="1" complexity="1">
          <methods>
            <method name="DottedLine" signature="(DrawingModel.IGraphics)" line-rate="1" branch-rate="1" complexity="NaN">
              <lines>
                <line number="19" hits="1" branch="false" />
                <line number="20" hits="1" branch="false" />
                <line number="21" hits="1" branch="false" />
              </lines>
            </method>
            <method name="Draw" signature="(DrawingModel.IGraphics)" line-rate="1" branch-rate="1" complexity="NaN">
              <lines>
                <line number="25" hits="12" branch="false" />
                <line number="26" hits="12" branch="false" />
                <line number="27" hits="12" branch="false" />
                <line number="28" hits="12" branch="false" />
              </lines>
            </method>
            <method name="GetShapeText" signature="()" line-rate="1" branch-rate="1" complexity="1">
              <lines>
                <line number="32" hits="1" branch="false" />
                <line number="33" hits="1" branch="false" />
                <line number="34" hits="1" branch="false" />
              </lines>
            </method>
            <method name="IsIn" signature="(System.Double,System.Double)" line-rate="1" branch-rate="1" complexity="NaN">
              <lines>
                <line number="38" hits="4" branch="false" />
                <line number="39" hits="4" branch="false" />
                <line number="40" hits="4" branch="false" />
                <line number="42" hits="4" branch="false" />
                <line number="43" hits="4" branch="false" />
                <line number="45" hits="4" branch="false" />
                <line number="46" hits="4" branch="false" />
                <line number="48" hits="4" branch="false" />
                <line number="49" hits="4" branch="false" />
                <line number="50" hits="4" branch="false" />
                <line number="51" hits="4" branch="true" condition-coverage="100% (4/4)" />
                <line number="52" hits="4" branch="false" />
              </lines>
            </method>
          </methods>
          <lines>
            <line number="19" hits="1" branch="false" />
            <line number="20" hits="1" branch="false" />
[...]
                <line number="28" hits="1" branch="false" />
                <line number="29" hits="1" branch="false" />
                <line number="30" hits="1" branch="false" />
                <line number="31" hits="1" branch="false" />
                <line number="33" hits="1" branch="false" />
                <line number="34" hits="1" branch="false" />
                <line number="35" hits="1" branch="false" />
                <line number="36" hits="1" branch="false" />
                <line number="37" hits="1" branch="false" />
                <line number="38" hits="1" branch="false" />
                <line number="40" hits="1" branch="false" />
                <line number="41" hits="1" branch="false" />
                <line number="42" hits="1" branch="false" />
                <line number="43" hits="1" branch="false" />
                <line number="44" hits="1" branch="false" />
                <line number="45" hits="1" branch="false" />
                <line number="46" hits="1" branch="false" />
                <line number="47" hits="1" branch="false" />
              </lines>
            </method>
            <method name="MovedPointerTest" signature="()" line-rate="1" branch-rate="1" complexity="1">
              <lines>
                <line number="52" hits="1" branch="false" />
                <line number="53" hits="1" branch="false" />
                <line number="54" hits="1" branch="false" />
                <line number="55" hits="1" branch="false" />
              </lines>
            </method>
            <method name="ReleasedPointerTest" signature="()" line-rate="1" branch-rate="1" complexity="1">
              <lines>
                <line number="60" hits="1" branch="false" />
                <line number="61" hits="1" branch="false" />
                <line number="62" hits="1" branch="false" />
                <line number="63" hits="1" branch="false" />
                <line number="64" hits="1" branch="false" />
                <line number="66" hits="1" branch="false" />
                <line number="67" hits="1" branch="false" />
                <line number="68" hits="1" branch="false" />
                <line number="69" hits="1" branch="false" />
                <line number="71" hits="1" branch="false" />
                <line number="72" hits="1" branch="false" />
                <line number="73" hits="1" branch="false" />
                <line number="74" hits="1" branch="false" />
                <line number="75" hits="1" branch="false" />
                <line number="76" hits="1" branch="false" />
                <line number="77" hits="1" branch="false" />
                <line number="79" hits="1" branch="false" />
                <line number="80" hits="1" branch="false" />
                <line number="81" hits="1" branch="false" />
                <line number="82" hits="1" branch="false" />
                <line number="83" hits="1" branch="false" />
                <line number="84" hits="1" branch="false" />
              </lines>
            </method>
            <method name="ClearTest" signature="()" line-rate="1" branch-rate="1" complexity="1">
              <lines>
                <line number="89" hits="1" branch="false" />
                <line number="90" hits="1" branch="false" />
                <line number="91" hits="1" branch="false" />
              </lines>
            </method>
            <method name="UndoTest" signature="()" line-rate="1" branch-rate="1" complexity="1">
              <lines>
                <line number="96" hits="1" branch="false" />
                <line number="97" hits="1" branch="false" />
                <line number="98" hits="1" branch="false" />
                <line number="99" hits="1" branch="false" />
                <line number="100" hits="1" branch="false" />
                <line number="101" hits="1" branch="false" />
                <line number="102" hits="1" branch="false" />
              </lines>
            </method>
            <method name="RedoTest" signature="()" line-rate="1" branch-rate="1" complexity="1">
              <lines>
                <line number="107" hits="1" branch="false" />
                <line number="108" hits="1" branch="false" />
                <line number="109" hits="1" branch="false" />
                <line number="110" hits="1" branch="false" />
                <line number="111" hits="1" branch="false" />
                <line number="112" hits="1" branch="false" />
                <line number="113" hits="1" branch="false" />
                <line number="114" hits="1" branch="false" />
              </lines>
            </method>
            <method name="DrawTest" signature="()" line-rate="1" branch-rate="1" complexity="1">
              <lines>
                <line number="119" hits="1" branch="false" />
                <line number="120" hits="1" branch="false" />
                <line number="121" hits="1" branch="false" />
                <line number="122" hits="1" branch="false" />
                <line number="123" hits="1" branch="false" />
                <line number="124" hits="1" branch="false" />
                <line number="125" hits="1" branch="false" />
              </lines>
            </method>
            <method name="GetShapeTextTest" signature="()" line-rate="1" branch-rate="1" complexity="1">
              <lines>
                <line number="130" hits="1" branch="false" />
                <line number="131" hits="1" branch="false" />
                <line number="132" hits="1" branch="false" />
              </lines>
            </method>
            <method name="EnableTest" signature="()" line-rate="1" branch-rate="1" complexity="1">
              <lines>
                <line number="137" hits="1" branch="false" />
                <line number="139" hits="1" branch="false" />
                <line number="140" hits="1" branch="false" />
                <line number="141" hits="1" branch="false" />
                <line number="142" hits="1" branch="false" />
              </lines>
            </method>
          </methods>
          <lines>
            <line number="14" hits="9" branch="false" />
            <line number="15" hits="9" branch="false" />
            <line number="16" hits="87" branch="true" condition-coverage="100% (2/2)" />
            <line number="17" hits="9" branch="false" />
            <line number="18" hits="9" branch="false" />
            <line number="19" hits="9" branch="false" />
            <line number="20" hits="9" branch="false" />
            <line number="25" hits="1" branch="false" />
            <line number="26" hits="1" branch="false" />
            <line number="27" hits="1" branch="false" />
            <line number="28" hits="1" branch="false" />
            <line number="29" hits="1" branch="false" />
            <line number="30" hits="1" branch="false" />
            <line number="31" hits="1" branch="false" />
            <line number="33" hits="1" branch="false" />
            <line number="34" hits="1" branch="false" />
            <line number="35" hits="1" branch="false" />
            <line number="36" hits="1" branch="false" />
            <line number="37" hits="1" branch="false" />
            <line number="38" hits="1" branch="false" />
            <line number="40" hits="1" branch="false" />
            <line number="41" hits="1" branch="false" />
            <line number="42" hits="1" branch="false" />
            <line number="43" hits="1" branch="false" />
            <line number="44" hits="1" branch="false" />
            <line number="45" hits="1" branch="false" />
            <line number="46" hits="1" branch="false" />
            <line number="47" hits="1" branch="false" />
            <line number="52" hits="1" branch="false" />
            <line number="53" hits="1" branch="false" />
            <line number="54" hits="1" branch="false" />
            <line number="55" hits="1" branch="false" />
            <line number="60" hits="1" branch="false" />
            <line number="61" hits="1" branch="false" />
            <line number="62" hits="1" branch="false" />
            <line number="63" hits="1" branch="false" />
            <line number="64" hits="1" branch="false" />
            <line number="66" hits="1" branch="false" />
            <line number="67" hits="1" branch="false" />
            <line number="68" hits="1" branch="false" />
            <line number="69" hits="1" branch="false" />
            <line number="71" hits="1" branch="false" />
            <line number="72" hits="1" branch="false" />
            <line number="73" hits="1" branch="false" />
            <line number="74" hits="1" branch="false" />
            <line number="75" hits="1" branch="false" />
            <line number="76" hits="1" branch="false" />
            <line number="77" hits="1" branch="false" />
            <line number="79" hits="1" branch="false" />
            <line number="80" hits="1" branch="false" />
            <line number="81" hits="1" branch="false" />
            <line number="82" hits="1" branch="false" />
            <line number="83" hits="1" branch="false" />
            <line number="84" hits="1" branch="false" />
            <line number="89" hits="1" branch="false" />
            <line number="90" hits="1" branch="false" />
            <line number="91" hits="1" branch="false" />
            <line number="96" hits="1" branch="false" />
            <line number="97" hits="1" branch="false" />
            <line number="98" hits="1" branch="false" />
            <line number="99" hits="1" branch="false" />
            <line number="100" hits="1" branch="false" />
            <line number="101" hits="1" branch="false" />
            <line number="102" hits="1" branch="false" />
            <line number="107" hits="1" branch="false" />
            <line number="108" hits="1" branch="false" />
            <line number="109" hits="1" branch="false" />
            <line number="110" hits="1" branch="false" />
            <line number="111" hits="1" branch="false" />
            <line number="112" hits="1" branch="false" />
            <line number="113" hits="1" branch="false" />
            <line number="114" hits="1" branch="false" />
            <line number="119" hits="1" branch="false" />
            <line number="120" hits="1" branch="false" />
            <line number="121" hits="1" branch="false" />
            <line number="122" hits="1" branch="false" />
            <line number="123" hits="1" branch="false" />
            <line number="124" hits="1" branch="false" />
            <line number="125" hits="1" branch="false" />
            <line number="130" hits="1" branch="false" />
            <line number="131" hits="1" branch="false" />
            <line number="132" hits="1" branch="false" />
            <line number="137" hits="1" branch="false" />
            <line number="139" hits="1" branch="false" />
            <line number="140" hits="1" branch="false" />
            <line number="141" hits="1" branch="false" />
            <line number="142" hits="1" branch="false" />
          </lines>
        </class>
        <class name="DrawingModel.Tests.RectangleTests" filename="C:\Users\user\Desktop\HW\1111_視窗程式\HW8\DrawingModel\DrawingModelTests2\RectangleTests.cs" line-rate="1" branch-rate="1" complexity="5">
          <methods>
            <method name="Initialize" signature="()" line-rate="1" branch-rate="1" complexity="1">
              <lines>
                <line number="14" hits="4" branch="false" />
                <line number="15" hits="4" branch="false" />
                <line number="16" hits="4" branch="false" />
                <line number="17" hits="4" branch="false" />
                <line number="18" hits="4" branch="false" />
                <line number="19" hits="4" branch="false" />
                <line number="20" hits="4" branch="false" />
                <line number="21" hits="4" branch="false" />
              </lines>
            </method>
            <method name="DrawTest" signature="()" line-rate="1" branch-rate="1" complexity="1">
              <lines>
                <line number="26" hits="1" branch="false" />
                <line number="27" hits="1" branch="false" />
                <line number="28" hits="1" branch="false" />
              </lines>
            </method>
            <method name="DottedLineTest" signature="()" line-rate="1" branch-rate="1" complexity="1">
              <lines>
                <line number="33" hits="1" branch="false" />
                <line number="34" hits="1" branch="false" />
                <line number="35" hits="1" branch="false" />
              </lines>
            </method>
            <method name="IsInTest" signature="()" line-rate="1" branch-rate="1" complexity="1">
              <lines>
                <line number="40" hits="1" branch="false" />
                <line number="41" hits="1" branch="false" />
                <line number="42" hits="1" branch="false" />
              </lines>
            </method>
            <method name="GetShapeTextTest" signature="()" line-rate="1" branch-rate="1" complexity="1">
              <lines>
                <line number="47" hits="1" branch="false" />
                <line number="48" hits="1" branch="false" />
                <line number="49" hits="1" branch="false" />
              </lines>
            </method>
          </methods>
          <lines>
            <line number="14" hits="4" branch="false" />
            <line number="15" hits="4" branch="false" />
            <line number="16" hits="4" branch="false" />
            <line number="17" hits="4" branch="false" />
            <line number="18" hits="4" branch="false" />
            <line number="19" hits="4" branch="false" />
            <line number="20" hits="4" branch="false" />
            <line number="21" hits="4" branch="false" />
            <line number="26" hits="1" branch="false" />
            <line number="27" hits="1" branch="false" />
            <line number="28" hits="1" branch="false" />
            <line number="33" hits="1" branch="false" />
            <line number="34" hits="1" branch="false" />
            <line number="35" hits="1" branch="false" />
            <line number="40" hits="1" branch="false" />
            <line number="41" hits="1" branch="false" />
            <line number="42" hits="1" branch="false" />
            <line number="47" hits="1" branch="false" />
            <line number="48" hits="1" branch="false" />
            <line number="49" hits="1" branch="false" />
          </lines>
        </class>
        <class name="DrawingModel.Tests.ShapeFactoryTests" filename="C:\Users\user\Desktop\HW\1111_視窗程式\HW8\DrawingModel\DrawingModelTests2\ShapeFactoryTests.cs" line-rate="1" branch-rate="1" complexity="2">
          <methods>
            <method name="Initialize" signature="()" line-rate="1" branch-rate="1" complexity="1">
              <lines>
                <line number="19" hits="1" branch="false" />
                <line number="20" hits="1" branch="false" />
                <line number="21" hits="1" branch="false" />
              </lines>
            </method>
            <method name="CreateShapeTest" signature="()" line-rate="1" branch-rate="1" complexity="1">
              <lines>
                <line number="26" hits="1" branch="false" />
                <line number="27" hits="1" branch="false" />
                <line number="28" hits="1" branch="false" />
                <line number="29" hits="1" branch="false" />
                <line number="30" hits="1" branch="false" />
                <line number="31" hits="1" branch="false" />
              </lines>
            </method>
          </methods>
          <lines>
            <line number="19" hits="1" branch="false" />
            <line number="20" hits="1" branch="false" />
            <line number="21" hits="1" branch="false" />
            <line number="26" hits="1" branch="false" />
            <line number="27" hits="1" branch="false" />
            <line number="28" hits="1" branch="false" />
            <line number="29" hits="1" branch="false" />
            <line number="30" hits="1" branch="false" />
            <line number="31" hits="1" branch="false" />
          </lines>
        </class>
        <class name="DrawingModel.Tests.TriangleTests" filename="C:\Users\user\Desktop\HW\1111_視窗程式\HW8\DrawingModel\DrawingModelTests2\TriangleTests.cs" line-rate="1" branch-rate="1" complexity="5">
          <methods>
            <method name="Initialize" signature="()" line-rate="1" branch-rate="1" complexity="1">
              <lines>
                <line number="14" hits="4" branch="false" />
                <line number="15" hits="4" branch="false" />
                <line number="16" hits="4" branch="false" />
                <line number="17" hits="4" branch="false" />
                <line number="18" hits="4" branch="false" />
                <line number="19" hits="4" branch="false" />
                <line number="20" hits="4" branch="false" />
                <line number="21" hits="4" branch="false" />
              </lines>
            </method>
            <method name="DrawTest" signature="()" line-rate="1" branch-rate="1" complexity="1">
              <lines>
                <line number="26" hits="1" branch="false" />
                <line number="27" hits="1" branch="false" />
                <line number="28" hits="1" branch="false" />
              </lines>
            </method>
            <method name="DottedLineTest" signature="()" line-rate="1" branch-rate="1" complexity="1">
              <lines>
                <line number="33" hits="1" branch="false" />
                <line number="34" hits="1" branch="false" />
                <line number="35" hits="1" branch="false" />
              </lines>
            </method>
            <method name="IsInTest" signature="()" line-rate="1" branch-rate="1" complexity="1">
              <lines>
                <line number="40" hits="1" branch="false" />
                <line number="41" hits="1" branch="false" />
                <line number="42" hits="1" branch="false" />
              </lines>
            </method>
            <method name="GetShapeTextTest" signature="()" line-rate="1" branch-rate="1" complexity="1">
              <lines>
                <line number="47" hits="1" branch="false" />
                <line number="48" hits="1" branch="false" />
                <line number="49" hits="1" branch="false" />
              </lines>
            </method>
          </methods>
          <lines>
            <line number="14" hits="4" branch="false" />
            <line number="15" hits="4" branch="false" />
            <line number="16" hits="4" branch="false" />
            <line number="17" hits="4" branch="false" />
            <line number="18" hits="4" branch="false" />
            <line number="19" hits="4" branch="false" />
            <line number="20" hits="4" branch="false" />
            <line number="21" hits="4" branch="false" />
            <line number="26" hits="1" branch="false" />
            <line number="27" hits="1" branch="false" />
            <line number="28" hits="1" branch="false" />
            <line number="33" hits="1" branch="false" />
            <line number="34" hits="1" branch="false" />
            <line number="35" hits="1" branch="false" />
            <line number="40" hits="1" branch="false" />
            <line number="41" hits="1" branch="false" />
            <line number="42" hits="1" branch="false" />
            <line number="47" hits="1" branch="false" />
            <line number="48" hits="1" branch="false" />
            <line number="49" hits="1" branch="false" />
          </lines>
        </class>
      </classes>
    </package>
  </packages>
</coverage>